Log file open, 11/13/21 16:32:18
LogWindows: Failed to load 'aqProf.dll' (GetLastError=126)
LogWindows: File 'aqProf.dll' does not exist
LogWindows: Failed to load 'VtuneApi.dll' (GetLastError=126)
LogWindows: File 'VtuneApi.dll' does not exist
LogWindows: Failed to load 'VtuneApi32e.dll' (GetLastError=126)
LogWindows: File 'VtuneApi32e.dll' does not exist
LogConsoleResponse: Display: Failed to find resolution value strings in scalability ini. Falling back to default.
LogConsoleResponse: Display: Failed to find resolution value strings in scalability ini. Falling back to default.
LogInit: Display: Running engine for game: LearnCPP
LogPlatformFile: Not using cached read wrapper
LogTaskGraph: Started task graph with 5 named threads and 35 total threads with 3 sets of task threads.
LogStats: Stats thread started at 0.723518
LogICUInternationalization: ICU TimeZone Detection - Raw Offset: +8:00, Platform Override: ''
LogInit: Display: Loading text-based GConfig....
LogPluginManager: Mounting plugin MeshPainting
LogPluginManager: Mounting plugin XGEController
LogPluginManager: Mounting plugin Paper2D
LogPluginManager: Mounting plugin AISupport
LogPluginManager: Mounting plugin EnvironmentQueryEditor
LogPluginManager: Mounting plugin LightPropagationVolume
LogPluginManager: Mounting plugin LiveLink
LogPluginManager: Mounting plugin OodleData
LogPluginManager: Mounting plugin CameraShakePreviewer
LogPluginManager: Mounting plugin GameplayCameras
LogPluginManager: Mounting plugin OodleNetwork
LogPluginManager: Mounting plugin AssetManagerEditor
LogPluginManager: Mounting plugin CurveEditorTools
LogPluginManager: Mounting plugin DataValidation
LogPluginManager: Mounting plugin CryptoKeys
LogPluginManager: Mounting plugin GameplayTagsEditor
LogPluginManager: Mounting plugin GeometryMode
LogPluginManager: Mounting plugin FacialAnimation
LogPluginManager: Mounting plugin MacGraphicsSwitching
LogPluginManager: Mounting plugin MaterialAnalyzer
LogPluginManager: Mounting plugin MobileLauncherProfileWizard
LogPluginManager: Mounting plugin PluginBrowser
LogPluginManager: Mounting plugin SpeedTreeImporter
LogPluginManager: Mounting plugin DatasmithContent
LogPluginManager: Mounting plugin VariantManagerContent
LogPluginManager: Mounting plugin AlembicImporter
LogPluginManager: Mounting plugin AutomationUtils
LogPluginManager: Mounting plugin BackChannel
LogPluginManager: Mounting plugin ChaosCloth
LogPluginManager: Mounting plugin ChaosClothEditor
LogPluginManager: Mounting plugin ChaosNiagara
LogPluginManager: Mounting plugin ChaosSolverPlugin
LogPluginManager: Mounting plugin CharacterAI
LogPluginManager: Mounting plugin ChaosEditor
LogPluginManager: Mounting plugin GeometryCache
LogPluginManager: Mounting plugin AnimationSharing
LogPluginManager: Mounting plugin GeometryCollectionPlugin
LogPluginManager: Mounting plugin GeometryProcessing
LogPluginManager: Mounting plugin OpenImageDenoise
LogPluginManager: Mounting plugin MotoSynth
LogPluginManager: Mounting plugin PlanarCut
LogPluginManager: Mounting plugin PlatformCrypto
LogPluginManager: Mounting plugin PythonScriptPlugin
LogPluginManager: Mounting plugin ProxyLODPlugin
LogPluginManager: Mounting plugin SkeletalReduction
LogPluginManager: Mounting plugin Niagara
LogPluginManager: Mounting plugin CLionSourceCodeAccess
LogPluginManager: Mounting plugin CodeLiteSourceCodeAccess
LogPluginManager: Mounting plugin GitSourceControl
LogPluginManager: Mounting plugin KDevelopSourceCodeAccess
LogPluginManager: Mounting plugin PerforceSourceControl
LogPluginManager: Mounting plugin NullSourceCodeAccess
LogPluginManager: Mounting plugin PixWinPlugin
LogPluginManager: Mounting plugin PlasticSourceControl
LogPluginManager: Mounting plugin PluginUtils
LogPluginManager: Mounting plugin PropertyAccessNode
LogPluginManager: Mounting plugin TextureFormatOodle
LogPluginManager: Mounting plugin RiderSourceCodeAccess
LogPluginManager: Mounting plugin SubversionSourceControl
LogPluginManager: Mounting plugin UObjectPlugin
LogPluginManager: Mounting plugin VisualStudioCodeSourceCodeAccess
LogPluginManager: Mounting plugin VisualStudioSourceCodeAccess
LogPluginManager: Mounting plugin XCodeSourceCodeAccess
LogPluginManager: Mounting plugin UdpMessaging
LogPluginManager: Mounting plugin TcpMessaging
LogPluginManager: Mounting plugin LuminPlatformFeatures
LogPluginManager: Mounting plugin MagicLeap
LogPluginManager: Mounting plugin MagicLeapLightEstimation
LogPluginManager: Mounting plugin MagicLeapMedia
LogPluginManager: Mounting plugin MagicLeapPassableWorld
LogPluginManager: Mounting plugin MLSDK
LogPluginManager: Mounting plugin MatineeToLevelSequence
LogPluginManager: Mounting plugin ActorSequence
LogPluginManager: Mounting plugin LevelSequenceEditor
LogPluginManager: Mounting plugin TemplateSequence
LogPluginManager: Mounting plugin OnlineSubsystem
LogPluginManager: Mounting plugin OnlineSubsystemNull
LogPluginManager: Mounting plugin OnlineSubsystemUtils
LogPluginManager: Mounting plugin LauncherChunkInstaller
LogPluginManager: Mounting plugin ActorLayerUtilities
LogPluginManager: Mounting plugin AndroidDeviceProfileSelector
LogPluginManager: Mounting plugin AndroidMoviePlayer
LogPluginManager: Mounting plugin AndroidPermission
LogPluginManager: Mounting plugin AppleMoviePlayer
LogPluginManager: Mounting plugin AppleImageUtils
LogPluginManager: Mounting plugin ArchVisCharacter
LogPluginManager: Mounting plugin AssetTags
LogPluginManager: Mounting plugin AudioCapture
LogPluginManager: Mounting plugin AudioSynesthesia
LogPluginManager: Mounting plugin ChunkDownloader
LogPluginManager: Mounting plugin CableComponent
LogPluginManager: Mounting plugin CustomMeshComponent
LogPluginManager: Mounting plugin EditableMesh
LogPluginManager: Mounting plugin ExampleDeviceProfileSelector
LogPluginManager: Mounting plugin GoogleCloudMessaging
LogPluginManager: Mounting plugin GooglePAD
LogPluginManager: Mounting plugin IOSDeviceProfileSelector
LogPluginManager: Mounting plugin LinuxDeviceProfileSelector
LogPluginManager: Mounting plugin LocationServicesBPLibrary
LogPluginManager: Mounting plugin MobilePatchingUtils
LogPluginManager: Mounting plugin OpenXR
LogPluginManager: Mounting plugin OpenXREyeTracker
LogPluginManager: Mounting plugin OpenXRHandTracking
LogPluginManager: Mounting plugin PhysXVehicles
LogPluginManager: Mounting plugin ScreenshotTools
LogPluginManager: Mounting plugin PostSplashScreen
LogPluginManager: Mounting plugin PropertyAccessEditor
LogPluginManager: Mounting plugin ProceduralMeshComponent
LogPluginManager: Mounting plugin RuntimePhysXCooking
LogPluginManager: Mounting plugin SoundFields
LogPluginManager: Mounting plugin SignificanceManager
LogPluginManager: Mounting plugin Synthesis
LogPluginManager: Mounting plugin WebMMoviePlayer
LogPluginManager: Mounting plugin WindowsMoviePlayer
LogPluginManager: Mounting plugin Takes
LogPluginManager: Mounting plugin AndroidMedia
LogPluginManager: Mounting plugin AvfMedia
LogPluginManager: Mounting plugin MediaCompositing
LogPluginManager: Mounting plugin ImgMedia
LogPluginManager: Mounting plugin MediaPlayerEditor
LogPluginManager: Mounting plugin WmfMedia
LogPluginManager: Mounting plugin WebMMedia
LogPluginManager: Mounting plugin ContentBrowserAssetDataSource
LogPluginManager: Mounting plugin ContentBrowserClassDataSource
LogPluginManager: Mounting plugin ContentBrowserFileDataSource
LogPluginManager: Mounting plugin OnlineSubsystemGooglePlay
LogPluginManager: Mounting plugin OnlineSubsystemIOS
LogPluginManager: Mounting plugin OculusVR
LogPluginManager: Mounting plugin SteamVR
PixWinPlugin: PIX capture plugin failed to initialize! Check that the process is launched from PIX.
LogInit: Using libcurl 7.55.1-DEV
LogInit:  - built for x86_64-pc-win32
LogInit:  - supports SSL with OpenSSL/1.1.1
LogInit:  - supports HTTP deflate (compression) using libz 1.2.8
LogInit:  - other features:
LogInit:      CURL_VERSION_SSL
LogInit:      CURL_VERSION_LIBZ
LogInit:      CURL_VERSION_IPV6
LogInit:      CURL_VERSION_ASYNCHDNS
LogInit:      CURL_VERSION_LARGEFILE
LogInit:      CURL_VERSION_IDN
LogInit:  CurlRequestOptions (configurable via config and command line):
LogInit:  - bVerifyPeer = true  - Libcurl will verify peer certificate
LogInit:  - bUseHttpProxy = false  - Libcurl will NOT use HTTP proxy
LogInit:  - bDontReuseConnections = false  - Libcurl will reuse connections
LogInit:  - MaxHostConnections = 16  - Libcurl will limit the number of connections to a host
LogInit:  - LocalHostAddr = Default
LogInit:  - BufferSize = 65536
LogOnline: OSS: Creating online subsystem instance for: NULL
LogInit: WinSock: version 1.1 (2.2), MaxSocks=32767, MaxUdp=65467
LogOnline: OSS: TryLoadSubsystemAndSetDefault: Loaded subsystem for module [NULL]
LogOculusPluginWrapper: OculusPlugin initialized successfully
LogHMD: Failed initializing OVRPlugin 1.59.0
LogInit: Build: ++UE4+Release-4.27-CL-17155196
LogInit: Engine Version: 4.27.0-17155196+++UE4+Release-4.27
LogInit: Compatible Engine Version: 4.27.0-17155196+++UE4+Release-4.27
LogInit: Net CL: 17155196
LogInit: OS: Windows 10 (Release 1607) (), CPU: Intel(R) Core(TM) i7-8700K CPU @ 3.70GHz, GPU: NVIDIA GeForce GTX 1060 6GB
LogInit: Compiled (64-bit): Aug 13 2021 06:13:13
LogInit: Compiled with Visual C++: 19.24.28315.00
LogInit: Build Configuration: Development
LogInit: Branch Name: ++UE4+Release-4.27
LogInit: Command Line:  -skipcompile
LogInit: Base Directory: D:/SoftWare/Unreal/UnrealEngine/UE_4.27/Engine/Binaries/Win64/
LogInit: Allocator: TBB
LogInit: Installed Engine Build: 1
LogDevObjectVersion: Number of dev versions registered: 29
LogDevObjectVersion:   Dev-Blueprints (B0D832E4-1F89-4F0D-ACCF-7EB736FD4AA2): 10
LogDevObjectVersion:   Dev-Build (E1C64328-A22C-4D53-A36C-8E866417BD8C): 0
LogDevObjectVersion:   Dev-Core (375EC13C-06E4-48FB-B500-84F0262A717E): 4
LogDevObjectVersion:   Dev-Editor (E4B068ED-F494-42E9-A231-DA0B2E46BB41): 40
LogDevObjectVersion:   Dev-Framework (CFFC743F-43B0-4480-9391-14DF171D2073): 37
LogDevObjectVersion:   Dev-Mobile (B02B49B5-BB20-44E9-A304-32B752E40360): 3
LogDevObjectVersion:   Dev-Networking (A4E4105C-59A1-49B5-A7C5-40C4547EDFEE): 0
LogDevObjectVersion:   Dev-Online (39C831C9-5AE6-47DC-9A44-9C173E1C8E7C): 0
LogDevObjectVersion:   Dev-Physics (78F01B33-EBEA-4F98-B9B4-84EACCB95AA2): 14
LogDevObjectVersion:   Dev-Platform (6631380F-2D4D-43E0-8009-CF276956A95A): 0
LogDevObjectVersion:   Dev-Rendering (12F88B9F-8875-4AFC-A67C-D90C383ABD29): 45
LogDevObjectVersion:   Dev-Sequencer (7B5AE74C-D270-4C10-A958-57980B212A5A): 13
LogDevObjectVersion:   Dev-VR (D7296918-1DD6-4BDD-9DE2-64A83CC13884): 3
LogDevObjectVersion:   Dev-LoadTimes (C2A15278-BFE7-4AFE-6C17-90FF531DF755): 1
LogDevObjectVersion:   Private-Geometry (6EACA3D4-40EC-4CC1-B786-8BED09428FC5): 3
LogDevObjectVersion:   Dev-AnimPhys (29E575DD-E0A3-4627-9D10-D276232CDCEA): 17
LogDevObjectVersion:   Dev-Anim (AF43A65D-7FD3-4947-9873-3E8ED9C1BB05): 15
LogDevObjectVersion:   Dev-ReflectionCapture (6B266CEC-1EC7-4B8F-A30B-E4D90942FC07): 1
LogDevObjectVersion:   Dev-Automation (0DF73D61-A23F-47EA-B727-89E90C41499A): 1
LogDevObjectVersion:   FortniteMain (601D1886-AC64-4F84-AA16-D3DE0DEAC7D6): 47
LogDevObjectVersion:   FortniteRelease (E7086368-6B23-4C58-8439-1B7016265E91): 1
LogDevObjectVersion:   Dev-Enterprise (9DFFBCD6-494F-0158-E221-12823C92A888): 10
LogDevObjectVersion:   Dev-Niagara (F2AED0AC-9AFE-416F-8664-AA7FFA26D6FC): 1
LogDevObjectVersion:   Dev-Destruction (174F1F0B-B4C6-45A5-B13F-2EE8D0FB917D): 10
LogDevObjectVersion:   Dev-Physics-Ext (35F94A83-E258-406C-A318-09F59610247C): 41
LogDevObjectVersion:   Dev-PhysicsMaterial-Chaos (B68FC16E-8B1B-42E2-B453-215C058844FE): 1
LogDevObjectVersion:   Dev-CineCamera (B2E18506-4273-CFC2-A54E-F4BB758BBA07): 1
LogDevObjectVersion:   Dev-VirtualProduction (64F58936-FD1B-42BA-BA96-7289D5D0FA4E): 1
LogDevObjectVersion:   Dev-MediaFramework (6F0ED827-A609-4895-9C91-998D90180EA4): 2
LogInit: Presizing for max 25165824 objects, including 0 objects not considered by GC, pre-allocating 0 bytes for permanent pool.
LogConfig: Applying CVar settings from Section [/Script/Engine.StreamingSettings] File [D:/Project/GitHubProject/UEProject/LearnCPP/Saved/Config/Windows/Engine.ini]
LogConfig: Setting CVar [[s.MinBulkDataSizeForAsyncLoading:131072]]
LogConfig: Setting CVar [[s.AsyncLoadingThreadEnabled:0]]
LogConfig: Setting CVar [[s.EventDrivenLoaderEnabled:1]]
LogConfig: Setting CVar [[s.WarnIfTimeLimitExceeded:0]]
LogConfig: Setting CVar [[s.TimeLimitExceededMultiplier:1.5]]
LogConfig: Setting CVar [[s.TimeLimitExceededMinTime:0.005]]
LogConfig: Setting CVar [[s.UseBackgroundLevelStreaming:1]]
LogConfig: Setting CVar [[s.PriorityAsyncLoadingExtraTime:15.0]]
LogConfig: Setting CVar [[s.LevelStreamingActorsUpdateTimeLimit:5.0]]
LogConfig: Setting CVar [[s.PriorityLevelStreamingActorsUpdateExtraTime:5.0]]
LogConfig: Setting CVar [[s.LevelStreamingComponentsRegistrationGranularity:10]]
LogConfig: Setting CVar [[s.UnregisterComponentsTimeLimit:1.0]]
LogConfig: Setting CVar [[s.LevelStreamingComponentsUnregistrationGranularity:5]]
LogConfig: Setting CVar [[s.FlushStreamingOnExit:1]]
LogInit: Object subsystem initialized
LogConfig: Setting CVar [[con.DebugEarlyDefault:1]]
LogConfig: Setting CVar [[r.setres:1280x720]]
[2021.11.13-08.32.22:040][  0]LogConfig: Setting CVar [[r.VSync:0]]
[2021.11.13-08.32.22:040][  0]LogConfig: Setting CVar [[r.RHICmdBypass:0]]
[2021.11.13-08.32.22:041][  0]LogConfig: Applying CVar settings from Section [/Script/Engine.RendererSettings] File [D:/Project/GitHubProject/UEProject/LearnCPP/Saved/Config/Windows/Engine.ini]
[2021.11.13-08.32.22:041][  0]LogConfig: Setting CVar [[r.GPUCrashDebugging:0]]
[2021.11.13-08.32.22:041][  0]LogConfig: Applying CVar settings from Section [/Script/Engine.RendererOverrideSettings] File [D:/Project/GitHubProject/UEProject/LearnCPP/Saved/Config/Windows/Engine.ini]
[2021.11.13-08.32.22:041][  0]LogConfig: Applying CVar settings from Section [/Script/Engine.StreamingSettings] File [D:/Project/GitHubProject/UEProject/LearnCPP/Saved/Config/Windows/Engine.ini]
[2021.11.13-08.32.22:041][  0]LogConfig: Setting CVar [[s.MinBulkDataSizeForAsyncLoading:131072]]
[2021.11.13-08.32.22:041][  0]LogConfig: Setting CVar [[s.AsyncLoadingThreadEnabled:0]]
[2021.11.13-08.32.22:041][  0]LogConfig: Setting CVar [[s.EventDrivenLoaderEnabled:1]]
[2021.11.13-08.32.22:041][  0]LogConfig: Setting CVar [[s.WarnIfTimeLimitExceeded:0]]
[2021.11.13-08.32.22:041][  0]LogConfig: Setting CVar [[s.TimeLimitExceededMultiplier:1.5]]
[2021.11.13-08.32.22:041][  0]LogConfig: Setting CVar [[s.TimeLimitExceededMinTime:0.005]]
[2021.11.13-08.32.22:041][  0]LogConfig: Setting CVar [[s.UseBackgroundLevelStreaming:1]]
[2021.11.13-08.32.22:041][  0]LogConfig: Setting CVar [[s.PriorityAsyncLoadingExtraTime:15.0]]
[2021.11.13-08.32.22:041][  0]LogConfig: Setting CVar [[s.LevelStreamingActorsUpdateTimeLimit:5.0]]
[2021.11.13-08.32.22:042][  0]LogConfig: Setting CVar [[s.PriorityLevelStreamingActorsUpdateExtraTime:5.0]]
[2021.11.13-08.32.22:042][  0]LogConfig: Setting CVar [[s.LevelStreamingComponentsRegistrationGranularity:10]]
[2021.11.13-08.32.22:042][  0]LogConfig: Setting CVar [[s.UnregisterComponentsTimeLimit:1.0]]
[2021.11.13-08.32.22:042][  0]LogConfig: Setting CVar [[s.LevelStreamingComponentsUnregistrationGranularity:5]]
[2021.11.13-08.32.22:042][  0]LogConfig: Setting CVar [[s.FlushStreamingOnExit:1]]
[2021.11.13-08.32.22:042][  0]LogConfig: Applying CVar settings from Section [/Script/Engine.GarbageCollectionSettings] File [D:/Project/GitHubProject/UEProject/LearnCPP/Saved/Config/Windows/Engine.ini]
[2021.11.13-08.32.22:042][  0]LogConfig: Setting CVar [[gc.MaxObjectsNotConsideredByGC:1]]
[2021.11.13-08.32.22:042][  0]LogConfig: Setting CVar [[gc.SizeOfPermanentObjectPool:0]]
[2021.11.13-08.32.22:042][  0]LogConfig: Setting CVar [[gc.FlushStreamingOnGC:0]]
[2021.11.13-08.32.22:042][  0]LogConfig: Setting CVar [[gc.NumRetriesBeforeForcingGC:10]]
[2021.11.13-08.32.22:042][  0]LogConfig: Setting CVar [[gc.AllowParallelGC:1]]
[2021.11.13-08.32.22:042][  0]LogConfig: Setting CVar [[gc.TimeBetweenPurgingPendingKillObjects:61.1]]
[2021.11.13-08.32.22:042][  0]LogConfig: Setting CVar [[gc.MaxObjectsInEditor:25165824]]
[2021.11.13-08.32.22:042][  0]LogConfig: Setting CVar [[gc.IncrementalBeginDestroyEnabled:1]]
[2021.11.13-08.32.22:042][  0]LogConfig: Setting CVar [[gc.CreateGCClusters:1]]
[2021.11.13-08.32.22:043][  0]LogConfig: Setting CVar [[gc.MinGCClusterSize:5]]
[2021.11.13-08.32.22:043][  0]LogConfig: Setting CVar [[gc.ActorClusteringEnabled:0]]
[2021.11.13-08.32.22:043][  0]LogConfig: Setting CVar [[gc.BlueprintClusteringEnabled:0]]
[2021.11.13-08.32.22:043][  0]LogConfig: Setting CVar [[gc.UseDisregardForGCOnDedicatedServers:0]]
[2021.11.13-08.32.22:043][  0]LogConfig: Setting CVar [[gc.MultithreadedDestructionEnabled:1]]
[2021.11.13-08.32.22:043][  0]LogConfig: Applying CVar settings from Section [/Script/Engine.NetworkSettings] File [D:/Project/GitHubProject/UEProject/LearnCPP/Saved/Config/Windows/Engine.ini]
[2021.11.13-08.32.22:043][  0]LogConfig: Applying CVar settings from Section [/Script/UnrealEd.CookerSettings] File [D:/Project/GitHubProject/UEProject/LearnCPP/Saved/Config/Windows/Engine.ini]
[2021.11.13-08.32.22:080][  0]LogConfig: Applying CVar settings from Section [ViewDistanceQuality@3] File [D:/Project/GitHubProject/UEProject/LearnCPP/Saved/Config/Windows/Scalability.ini]
[2021.11.13-08.32.22:081][  0]LogConfig: Setting CVar [[r.SkeletalMeshLODBias:0]]
[2021.11.13-08.32.22:081][  0]LogConfig: Setting CVar [[r.ViewDistanceScale:1.0]]
[2021.11.13-08.32.22:081][  0]LogConfig: Applying CVar settings from Section [AntiAliasingQuality@3] File [D:/Project/GitHubProject/UEProject/LearnCPP/Saved/Config/Windows/Scalability.ini]
[2021.11.13-08.32.22:081][  0]LogConfig: Setting CVar [[r.PostProcessAAQuality:4]]
[2021.11.13-08.32.22:081][  0]LogConfig: Applying CVar settings from Section [ShadowQuality@3] File [D:/Project/GitHubProject/UEProject/LearnCPP/Saved/Config/Windows/Scalability.ini]
[2021.11.13-08.32.22:081][  0]LogConfig: Setting CVar [[r.LightFunctionQuality:1]]
[2021.11.13-08.32.22:081][  0]LogConfig: Setting CVar [[r.ShadowQuality:5]]
[2021.11.13-08.32.22:081][  0]LogConfig: Setting CVar [[r.Shadow.CSM.MaxCascades:10]]
[2021.11.13-08.32.22:081][  0]LogConfig: Setting CVar [[r.Shadow.MaxResolution:2048]]
[2021.11.13-08.32.22:081][  0]LogConfig: Setting CVar [[r.Shadow.MaxCSMResolution:2048]]
[2021.11.13-08.32.22:081][  0]LogConfig: Setting CVar [[r.Shadow.RadiusThreshold:0.01]]
[2021.11.13-08.32.22:081][  0]LogConfig: Setting CVar [[r.Shadow.DistanceScale:1.0]]
[2021.11.13-08.32.22:081][  0]LogConfig: Setting CVar [[r.Shadow.CSM.TransitionScale:1.0]]
[2021.11.13-08.32.22:081][  0]LogConfig: Setting CVar [[r.Shadow.PreShadowResolutionFactor:1.0]]
[2021.11.13-08.32.22:081][  0]LogConfig: Setting CVar [[r.DistanceFieldShadowing:1]]
[2021.11.13-08.32.22:082][  0]LogConfig: Setting CVar [[r.DistanceFieldAO:1]]
[2021.11.13-08.32.22:082][  0]LogConfig: Setting CVar [[r.AOQuality:2]]
[2021.11.13-08.32.22:082][  0]LogConfig: Setting CVar [[r.VolumetricFog:1]]
[2021.11.13-08.32.22:082][  0]LogConfig: Setting CVar [[r.VolumetricFog.GridPixelSize:8]]
[2021.11.13-08.32.22:082][  0]LogConfig: Setting CVar [[r.VolumetricFog.GridSizeZ:128]]
[2021.11.13-08.32.22:082][  0]LogConfig: Setting CVar [[r.VolumetricFog.HistoryMissSupersampleCount:4]]
[2021.11.13-08.32.22:082][  0]LogConfig: Setting CVar [[r.LightMaxDrawDistanceScale:1]]
[2021.11.13-08.32.22:082][  0]LogConfig: Setting CVar [[r.CapsuleShadows:1]]
[2021.11.13-08.32.22:082][  0]LogConfig: Applying CVar settings from Section [PostProcessQuality@3] File [D:/Project/GitHubProject/UEProject/LearnCPP/Saved/Config/Windows/Scalability.ini]
[2021.11.13-08.32.22:082][  0]LogConfig: Setting CVar [[r.MotionBlurQuality:4]]
[2021.11.13-08.32.22:082][  0]LogConfig: Setting CVar [[r.AmbientOcclusionMipLevelFactor:0.4]]
[2021.11.13-08.32.22:082][  0]LogConfig: Setting CVar [[r.AmbientOcclusionMaxQuality:100]]
[2021.11.13-08.32.22:082][  0]LogConfig: Setting CVar [[r.AmbientOcclusionLevels:-1]]
[2021.11.13-08.32.22:082][  0]LogConfig: Setting CVar [[r.AmbientOcclusionRadiusScale:1.0]]
[2021.11.13-08.32.22:082][  0]LogConfig: Setting CVar [[r.DepthOfFieldQuality:2]]
[2021.11.13-08.32.22:082][  0]LogConfig: Setting CVar [[r.RenderTargetPoolMin:400]]
[2021.11.13-08.32.22:082][  0]LogConfig: Setting CVar [[r.LensFlareQuality:2]]
[2021.11.13-08.32.22:082][  0]LogConfig: Setting CVar [[r.SceneColorFringeQuality:1]]
[2021.11.13-08.32.22:082][  0]LogConfig: Setting CVar [[r.EyeAdaptationQuality:2]]
[2021.11.13-08.32.22:082][  0]LogConfig: Setting CVar [[r.BloomQuality:5]]
[2021.11.13-08.32.22:082][  0]LogConfig: Setting CVar [[r.FastBlurThreshold:100]]
[2021.11.13-08.32.22:082][  0]LogConfig: Setting CVar [[r.Upscale.Quality:3]]
[2021.11.13-08.32.22:082][  0]LogConfig: Setting CVar [[r.Tonemapper.GrainQuantization:1]]
[2021.11.13-08.32.22:083][  0]LogConfig: Setting CVar [[r.LightShaftQuality:1]]
[2021.11.13-08.32.22:083][  0]LogConfig: Setting CVar [[r.Filter.SizeScale:1]]
[2021.11.13-08.32.22:083][  0]LogConfig: Setting CVar [[r.Tonemapper.Quality:5]]
[2021.11.13-08.32.22:083][  0]LogConfig: Setting CVar [[r.DOF.Gather.AccumulatorQuality:1        ; higher gathering accumulator quality]]
[2021.11.13-08.32.22:083][  0]LogConfig: Setting CVar [[r.DOF.Gather.PostfilterMethod:1          ; Median3x3 postfilering method]]
[2021.11.13-08.32.22:083][  0]LogConfig: Setting CVar [[r.DOF.Gather.EnableBokehSettings:0       ; no bokeh simulation when gathering]]
[2021.11.13-08.32.22:083][  0]LogConfig: Setting CVar [[r.DOF.Gather.RingCount:4                 ; medium number of samples when gathering]]
[2021.11.13-08.32.22:083][  0]LogConfig: Setting CVar [[r.DOF.Scatter.ForegroundCompositing:1    ; additive foreground scattering]]
[2021.11.13-08.32.22:083][  0]LogConfig: Setting CVar [[r.DOF.Scatter.BackgroundCompositing:2    ; additive background scattering]]
[2021.11.13-08.32.22:083][  0]LogConfig: Setting CVar [[r.DOF.Scatter.EnableBokehSettings:1      ; bokeh simulation when scattering]]
[2021.11.13-08.32.22:083][  0]LogConfig: Setting CVar [[r.DOF.Scatter.MaxSpriteRatio:0.1         ; only a maximum of 10% of scattered bokeh]]
[2021.11.13-08.32.22:083][  0]LogConfig: Setting CVar [[r.DOF.Recombine.Quality:1                ; cheap slight out of focus]]
[2021.11.13-08.32.22:083][  0]LogConfig: Setting CVar [[r.DOF.Recombine.EnableBokehSettings:0    ; no bokeh simulation on slight out of focus]]
[2021.11.13-08.32.22:083][  0]LogConfig: Setting CVar [[r.DOF.TemporalAAQuality:1                ; more stable temporal accumulation]]
[2021.11.13-08.32.22:083][  0]LogConfig: Setting CVar [[r.DOF.Kernel.MaxForegroundRadius:0.025]]
[2021.11.13-08.32.22:083][  0]LogConfig: Setting CVar [[r.DOF.Kernel.MaxBackgroundRadius:0.025]]
[2021.11.13-08.32.22:083][  0]LogConfig: Applying CVar settings from Section [TextureQuality@3] File [D:/Project/GitHubProject/UEProject/LearnCPP/Saved/Config/Windows/Scalability.ini]
[2021.11.13-08.32.22:083][  0]LogConfig: Setting CVar [[r.Streaming.MipBias:0]]
[2021.11.13-08.32.22:083][  0]LogConfig: Setting CVar [[r.Streaming.AmortizeCPUToGPUCopy:0]]
[2021.11.13-08.32.22:083][  0]LogConfig: Setting CVar [[r.Streaming.MaxNumTexturesToStreamPerFrame:0]]
[2021.11.13-08.32.22:083][  0]LogConfig: Setting CVar [[r.Streaming.Boost:1]]
[2021.11.13-08.32.22:083][  0]LogConfig: Setting CVar [[r.MaxAnisotropy:8]]
[2021.11.13-08.32.22:083][  0]LogConfig: Setting CVar [[r.VT.MaxAnisotropy:8]]
[2021.11.13-08.32.22:084][  0]LogConfig: Setting CVar [[r.Streaming.LimitPoolSizeToVRAM:0]]
[2021.11.13-08.32.22:084][  0]LogConfig: Setting CVar [[r.Streaming.PoolSize:1000]]
[2021.11.13-08.32.22:084][  0]LogConfig: Setting CVar [[r.Streaming.MaxEffectiveScreenSize:0]]
[2021.11.13-08.32.22:084][  0]LogConfig: Applying CVar settings from Section [EffectsQuality@3] File [D:/Project/GitHubProject/UEProject/LearnCPP/Saved/Config/Windows/Scalability.ini]
[2021.11.13-08.32.22:084][  0]LogConfig: Setting CVar [[r.TranslucencyLightingVolumeDim:64]]
[2021.11.13-08.32.22:084][  0]LogConfig: Setting CVar [[r.RefractionQuality:2]]
[2021.11.13-08.32.22:084][  0]LogConfig: Setting CVar [[r.SSR.Quality:3]]
[2021.11.13-08.32.22:084][  0]LogConfig: Setting CVar [[r.SSR.HalfResSceneColor:0]]
[2021.11.13-08.32.22:084][  0]LogConfig: Setting CVar [[r.SceneColorFormat:4]]
[2021.11.13-08.32.22:084][  0]LogConfig: Setting CVar [[r.DetailMode:2]]
[2021.11.13-08.32.22:084][  0]LogConfig: Setting CVar [[r.TranslucencyVolumeBlur:1]]
[2021.11.13-08.32.22:084][  0]LogConfig: Setting CVar [[r.MaterialQualityLevel:1 ; High quality]]
[2021.11.13-08.32.22:084][  0]LogConfig: Setting CVar [[r.AnisotropicMaterials:1]]
[2021.11.13-08.32.22:084][  0]LogConfig: Setting CVar [[r.SSS.Scale:1]]
[2021.11.13-08.32.22:084][  0]LogConfig: Setting CVar [[r.SSS.SampleSet:2]]
[2021.11.13-08.32.22:084][  0]LogConfig: Setting CVar [[r.SSS.Quality:1]]
[2021.11.13-08.32.22:084][  0]LogConfig: Setting CVar [[r.SSS.HalfRes:0]]
[2021.11.13-08.32.22:084][  0]LogConfig: Setting CVar [[r.SSGI.Quality:3]]
[2021.11.13-08.32.22:084][  0]LogConfig: Setting CVar [[r.EmitterSpawnRateScale:1.0]]
[2021.11.13-08.32.22:084][  0]LogConfig: Setting CVar [[r.ParticleLightQuality:2]]
[2021.11.13-08.32.22:084][  0]LogConfig: Setting CVar [[r.SkyAtmosphere.AerialPerspectiveLUT.FastApplyOnOpaque:1 ; Always have FastSkyLUT 1 in this case to avoid wrong sky]]
[2021.11.13-08.32.22:084][  0]LogConfig: Setting CVar [[r.SkyAtmosphere.AerialPerspectiveLUT.SampleCountMaxPerSlice:4]]
[2021.11.13-08.32.22:084][  0]LogConfig: Setting CVar [[r.SkyAtmosphere.AerialPerspectiveLUT.DepthResolution:16.0]]
[2021.11.13-08.32.22:084][  0]LogConfig: Setting CVar [[r.SkyAtmosphere.FastSkyLUT:1]]
[2021.11.13-08.32.22:084][  0]LogConfig: Setting CVar [[r.SkyAtmosphere.FastSkyLUT.SampleCountMin:4.0]]
[2021.11.13-08.32.22:085][  0]LogConfig: Setting CVar [[r.SkyAtmosphere.FastSkyLUT.SampleCountMax:128.0]]
[2021.11.13-08.32.22:085][  0]LogConfig: Setting CVar [[r.SkyAtmosphere.SampleCountMin:4.0]]
[2021.11.13-08.32.22:085][  0]LogConfig: Setting CVar [[r.SkyAtmosphere.SampleCountMax:128.0]]
[2021.11.13-08.32.22:085][  0]LogConfig: Setting CVar [[r.SkyAtmosphere.TransmittanceLUT.UseSmallFormat:0]]
[2021.11.13-08.32.22:085][  0]LogConfig: Setting CVar [[r.SkyAtmosphere.TransmittanceLUT.SampleCount:10.0]]
[2021.11.13-08.32.22:085][  0]LogConfig: Setting CVar [[r.SkyAtmosphere.MultiScatteringLUT.SampleCount:15.0]]
[2021.11.13-08.32.22:085][  0]LogConfig: Setting CVar [[r.SkyLight.RealTimeReflectionCapture:1]]
[2021.11.13-08.32.22:085][  0]LogConfig: Applying CVar settings from Section [FoliageQuality@3] File [D:/Project/GitHubProject/UEProject/LearnCPP/Saved/Config/Windows/Scalability.ini]
[2021.11.13-08.32.22:085][  0]LogConfig: Setting CVar [[foliage.DensityScale:1.0]]
[2021.11.13-08.32.22:085][  0]LogConfig: Setting CVar [[grass.DensityScale:1.0]]
[2021.11.13-08.32.22:085][  0]LogConfig: Applying CVar settings from Section [ShadingQuality@3] File [D:/Project/GitHubProject/UEProject/LearnCPP/Saved/Config/Windows/Scalability.ini]
[2021.11.13-08.32.22:085][  0]LogConfig: Setting CVar [[r.HairStrands.SkyLighting.IntegrationType:2]]
[2021.11.13-08.32.22:085][  0]LogConfig: Setting CVar [[r.HairStrands.SkyAO.SampleCount:4]]
[2021.11.13-08.32.22:085][  0]LogConfig: Setting CVar [[r.HairStrands.Visibility.MSAA.SamplePerPixel:4]]
[2021.11.13-08.32.22:085][  0]LogInit: Selected Device Profile: [Windows]
[2021.11.13-08.32.22:085][  0]LogInit: Applying CVar settings loaded from the selected device profile: [Windows]
[2021.11.13-08.32.22:085][  0]LogHAL: Display: Platform has ~ 16 GB [17125277696 / 17179869184 / 16], which maps to Larger [LargestMinGB=32, LargerMinGB=12, DefaultMinGB=8, SmallerMinGB=6, SmallestMinGB=0)
[2021.11.13-08.32.22:085][  0]LogInit: Going up to parent DeviceProfile []
[2021.11.13-08.32.22:085][  0]LogConfig: Applying CVar settings from Section [ViewDistanceQuality@3] File [D:/Project/GitHubProject/UEProject/LearnCPP/Saved/Config/Windows/Scalability.ini]
[2021.11.13-08.32.22:085][  0]LogConfig: Setting CVar [[r.SkeletalMeshLODBias:0]]
[2021.11.13-08.32.22:086][  0]LogConfig: Setting CVar [[r.ViewDistanceScale:1.0]]
[2021.11.13-08.32.22:086][  0]LogConfig: Applying CVar settings from Section [AntiAliasingQuality@3] File [D:/Project/GitHubProject/UEProject/LearnCPP/Saved/Config/Windows/Scalability.ini]
[2021.11.13-08.32.22:086][  0]LogConfig: Setting CVar [[r.PostProcessAAQuality:4]]
[2021.11.13-08.32.22:086][  0]LogConfig: Applying CVar settings from Section [ShadowQuality@3] File [D:/Project/GitHubProject/UEProject/LearnCPP/Saved/Config/Windows/Scalability.ini]
[2021.11.13-08.32.22:086][  0]LogConfig: Setting CVar [[r.LightFunctionQuality:1]]
[2021.11.13-08.32.22:086][  0]LogConfig: Setting CVar [[r.ShadowQuality:5]]
[2021.11.13-08.32.22:086][  0]LogConfig: Setting CVar [[r.Shadow.CSM.MaxCascades:10]]
[2021.11.13-08.32.22:086][  0]LogConfig: Setting CVar [[r.Shadow.MaxResolution:2048]]
[2021.11.13-08.32.22:086][  0]LogConfig: Setting CVar [[r.Shadow.MaxCSMResolution:2048]]
[2021.11.13-08.32.22:086][  0]LogConfig: Setting CVar [[r.Shadow.RadiusThreshold:0.01]]
[2021.11.13-08.32.22:086][  0]LogConfig: Setting CVar [[r.Shadow.DistanceScale:1.0]]
[2021.11.13-08.32.22:086][  0]LogConfig: Setting CVar [[r.Shadow.CSM.TransitionScale:1.0]]
[2021.11.13-08.32.22:086][  0]LogConfig: Setting CVar [[r.Shadow.PreShadowResolutionFactor:1.0]]
[2021.11.13-08.32.22:086][  0]LogConfig: Setting CVar [[r.DistanceFieldShadowing:1]]
[2021.11.13-08.32.22:086][  0]LogConfig: Setting CVar [[r.DistanceFieldAO:1]]
[2021.11.13-08.32.22:086][  0]LogConfig: Setting CVar [[r.AOQuality:2]]
[2021.11.13-08.32.22:086][  0]LogConfig: Setting CVar [[r.VolumetricFog:1]]
[2021.11.13-08.32.22:086][  0]LogConfig: Setting CVar [[r.VolumetricFog.GridPixelSize:8]]
[2021.11.13-08.32.22:086][  0]LogConfig: Setting CVar [[r.VolumetricFog.GridSizeZ:128]]
[2021.11.13-08.32.22:086][  0]LogConfig: Setting CVar [[r.VolumetricFog.HistoryMissSupersampleCount:4]]
[2021.11.13-08.32.22:086][  0]LogConfig: Setting CVar [[r.LightMaxDrawDistanceScale:1]]
[2021.11.13-08.32.22:086][  0]LogConfig: Setting CVar [[r.CapsuleShadows:1]]
[2021.11.13-08.32.22:087][  0]LogConfig: Applying CVar settings from Section [PostProcessQuality@3] File [D:/Project/GitHubProject/UEProject/LearnCPP/Saved/Config/Windows/Scalability.ini]
[2021.11.13-08.32.22:087][  0]LogConfig: Setting CVar [[r.MotionBlurQuality:4]]
[2021.11.13-08.32.22:087][  0]LogConfig: Setting CVar [[r.AmbientOcclusionMipLevelFactor:0.4]]
[2021.11.13-08.32.22:087][  0]LogConfig: Setting CVar [[r.AmbientOcclusionMaxQuality:100]]
[2021.11.13-08.32.22:087][  0]LogConfig: Setting CVar [[r.AmbientOcclusionLevels:-1]]
[2021.11.13-08.32.22:087][  0]LogConfig: Setting CVar [[r.AmbientOcclusionRadiusScale:1.0]]
[2021.11.13-08.32.22:087][  0]LogConfig: Setting CVar [[r.DepthOfFieldQuality:2]]
[2021.11.13-08.32.22:087][  0]LogConfig: Setting CVar [[r.RenderTargetPoolMin:400]]
[2021.11.13-08.32.22:087][  0]LogConfig: Setting CVar [[r.LensFlareQuality:2]]
[2021.11.13-08.32.22:087][  0]LogConfig: Setting CVar [[r.SceneColorFringeQuality:1]]
[2021.11.13-08.32.22:087][  0]LogConfig: Setting CVar [[r.EyeAdaptationQuality:2]]
[2021.11.13-08.32.22:087][  0]LogConfig: Setting CVar [[r.BloomQuality:5]]
[2021.11.13-08.32.22:087][  0]LogConfig: Setting CVar [[r.FastBlurThreshold:100]]
[2021.11.13-08.32.22:087][  0]LogConfig: Setting CVar [[r.Upscale.Quality:3]]
[2021.11.13-08.32.22:087][  0]LogConfig: Setting CVar [[r.Tonemapper.GrainQuantization:1]]
[2021.11.13-08.32.22:087][  0]LogConfig: Setting CVar [[r.LightShaftQuality:1]]
[2021.11.13-08.32.22:087][  0]LogConfig: Setting CVar [[r.Filter.SizeScale:1]]
[2021.11.13-08.32.22:087][  0]LogConfig: Setting CVar [[r.Tonemapper.Quality:5]]
[2021.11.13-08.32.22:087][  0]LogConfig: Setting CVar [[r.DOF.Gather.AccumulatorQuality:1        ; higher gathering accumulator quality]]
[2021.11.13-08.32.22:087][  0]LogConfig: Setting CVar [[r.DOF.Gather.PostfilterMethod:1          ; Median3x3 postfilering method]]
[2021.11.13-08.32.22:087][  0]LogConfig: Setting CVar [[r.DOF.Gather.EnableBokehSettings:0       ; no bokeh simulation when gathering]]
[2021.11.13-08.32.22:087][  0]LogConfig: Setting CVar [[r.DOF.Gather.RingCount:4                 ; medium number of samples when gathering]]
[2021.11.13-08.32.22:087][  0]LogConfig: Setting CVar [[r.DOF.Scatter.ForegroundCompositing:1    ; additive foreground scattering]]
[2021.11.13-08.32.22:087][  0]LogConfig: Setting CVar [[r.DOF.Scatter.BackgroundCompositing:2    ; additive background scattering]]
[2021.11.13-08.32.22:088][  0]LogConfig: Setting CVar [[r.DOF.Scatter.EnableBokehSettings:1      ; bokeh simulation when scattering]]
[2021.11.13-08.32.22:088][  0]LogConfig: Setting CVar [[r.DOF.Scatter.MaxSpriteRatio:0.1         ; only a maximum of 10% of scattered bokeh]]
[2021.11.13-08.32.22:088][  0]LogConfig: Setting CVar [[r.DOF.Recombine.Quality:1                ; cheap slight out of focus]]
[2021.11.13-08.32.22:088][  0]LogConfig: Setting CVar [[r.DOF.Recombine.EnableBokehSettings:0    ; no bokeh simulation on slight out of focus]]
[2021.11.13-08.32.22:088][  0]LogConfig: Setting CVar [[r.DOF.TemporalAAQuality:1                ; more stable temporal accumulation]]
[2021.11.13-08.32.22:088][  0]LogConfig: Setting CVar [[r.DOF.Kernel.MaxForegroundRadius:0.025]]
[2021.11.13-08.32.22:088][  0]LogConfig: Setting CVar [[r.DOF.Kernel.MaxBackgroundRadius:0.025]]
[2021.11.13-08.32.22:088][  0]LogConfig: Applying CVar settings from Section [TextureQuality@3] File [D:/Project/GitHubProject/UEProject/LearnCPP/Saved/Config/Windows/Scalability.ini]
[2021.11.13-08.32.22:088][  0]LogConfig: Setting CVar [[r.Streaming.MipBias:0]]
[2021.11.13-08.32.22:088][  0]LogConfig: Setting CVar [[r.Streaming.AmortizeCPUToGPUCopy:0]]
[2021.11.13-08.32.22:088][  0]LogConfig: Setting CVar [[r.Streaming.MaxNumTexturesToStreamPerFrame:0]]
[2021.11.13-08.32.22:088][  0]LogConfig: Setting CVar [[r.Streaming.Boost:1]]
[2021.11.13-08.32.22:088][  0]LogConfig: Setting CVar [[r.MaxAnisotropy:8]]
[2021.11.13-08.32.22:088][  0]LogConfig: Setting CVar [[r.VT.MaxAnisotropy:8]]
[2021.11.13-08.32.22:088][  0]LogConfig: Setting CVar [[r.Streaming.LimitPoolSizeToVRAM:0]]
[2021.11.13-08.32.22:088][  0]LogConfig: Setting CVar [[r.Streaming.PoolSize:1000]]
[2021.11.13-08.32.22:088][  0]LogConfig: Setting CVar [[r.Streaming.MaxEffectiveScreenSize:0]]
[2021.11.13-08.32.22:088][  0]LogConfig: Applying CVar settings from Section [EffectsQuality@3] File [D:/Project/GitHubProject/UEProject/LearnCPP/Saved/Config/Windows/Scalability.ini]
[2021.11.13-08.32.22:088][  0]LogConfig: Setting CVar [[r.TranslucencyLightingVolumeDim:64]]
[2021.11.13-08.32.22:088][  0]LogConfig: Setting CVar [[r.RefractionQuality:2]]
[2021.11.13-08.32.22:088][  0]LogConfig: Setting CVar [[r.SSR.Quality:3]]
[2021.11.13-08.32.22:088][  0]LogConfig: Setting CVar [[r.SSR.HalfResSceneColor:0]]
[2021.11.13-08.32.22:088][  0]LogConfig: Setting CVar [[r.SceneColorFormat:4]]
[2021.11.13-08.32.22:088][  0]LogConfig: Setting CVar [[r.DetailMode:2]]
[2021.11.13-08.32.22:089][  0]LogConfig: Setting CVar [[r.TranslucencyVolumeBlur:1]]
[2021.11.13-08.32.22:089][  0]LogConfig: Setting CVar [[r.MaterialQualityLevel:1 ; High quality]]
[2021.11.13-08.32.22:089][  0]LogConfig: Setting CVar [[r.AnisotropicMaterials:1]]
[2021.11.13-08.32.22:089][  0]LogConfig: Setting CVar [[r.SSS.Scale:1]]
[2021.11.13-08.32.22:089][  0]LogConfig: Setting CVar [[r.SSS.SampleSet:2]]
[2021.11.13-08.32.22:089][  0]LogConfig: Setting CVar [[r.SSS.Quality:1]]
[2021.11.13-08.32.22:089][  0]LogConfig: Setting CVar [[r.SSS.HalfRes:0]]
[2021.11.13-08.32.22:089][  0]LogConfig: Setting CVar [[r.SSGI.Quality:3]]
[2021.11.13-08.32.22:089][  0]LogConfig: Setting CVar [[r.EmitterSpawnRateScale:1.0]]
[2021.11.13-08.32.22:089][  0]LogConfig: Setting CVar [[r.ParticleLightQuality:2]]
[2021.11.13-08.32.22:089][  0]LogConfig: Setting CVar [[r.SkyAtmosphere.AerialPerspectiveLUT.FastApplyOnOpaque:1 ; Always have FastSkyLUT 1 in this case to avoid wrong sky]]
[2021.11.13-08.32.22:089][  0]LogConfig: Setting CVar [[r.SkyAtmosphere.AerialPerspectiveLUT.SampleCountMaxPerSlice:4]]
[2021.11.13-08.32.22:089][  0]LogConfig: Setting CVar [[r.SkyAtmosphere.AerialPerspectiveLUT.DepthResolution:16.0]]
[2021.11.13-08.32.22:089][  0]LogConfig: Setting CVar [[r.SkyAtmosphere.FastSkyLUT:1]]
[2021.11.13-08.32.22:089][  0]LogConfig: Setting CVar [[r.SkyAtmosphere.FastSkyLUT.SampleCountMin:4.0]]
[2021.11.13-08.32.22:089][  0]LogConfig: Setting CVar [[r.SkyAtmosphere.FastSkyLUT.SampleCountMax:128.0]]
[2021.11.13-08.32.22:089][  0]LogConfig: Setting CVar [[r.SkyAtmosphere.SampleCountMin:4.0]]
[2021.11.13-08.32.22:089][  0]LogConfig: Setting CVar [[r.SkyAtmosphere.SampleCountMax:128.0]]
[2021.11.13-08.32.22:089][  0]LogConfig: Setting CVar [[r.SkyAtmosphere.TransmittanceLUT.UseSmallFormat:0]]
[2021.11.13-08.32.22:089][  0]LogConfig: Setting CVar [[r.SkyAtmosphere.TransmittanceLUT.SampleCount:10.0]]
[2021.11.13-08.32.22:089][  0]LogConfig: Setting CVar [[r.SkyAtmosphere.MultiScatteringLUT.SampleCount:15.0]]
[2021.11.13-08.32.22:089][  0]LogConfig: Setting CVar [[r.SkyLight.RealTimeReflectionCapture:1]]
[2021.11.13-08.32.22:089][  0]LogConfig: Applying CVar settings from Section [FoliageQuality@3] File [D:/Project/GitHubProject/UEProject/LearnCPP/Saved/Config/Windows/Scalability.ini]
[2021.11.13-08.32.22:090][  0]LogConfig: Setting CVar [[foliage.DensityScale:1.0]]
[2021.11.13-08.32.22:090][  0]LogConfig: Setting CVar [[grass.DensityScale:1.0]]
[2021.11.13-08.32.22:090][  0]LogConfig: Applying CVar settings from Section [ShadingQuality@3] File [D:/Project/GitHubProject/UEProject/LearnCPP/Saved/Config/Windows/Scalability.ini]
[2021.11.13-08.32.22:090][  0]LogConfig: Setting CVar [[r.HairStrands.SkyLighting.IntegrationType:2]]
[2021.11.13-08.32.22:090][  0]LogConfig: Setting CVar [[r.HairStrands.SkyAO.SampleCount:4]]
[2021.11.13-08.32.22:090][  0]LogConfig: Setting CVar [[r.HairStrands.Visibility.MSAA.SamplePerPixel:4]]
[2021.11.13-08.32.22:090][  0]LogConfig: Applying CVar settings from Section [Startup] File [../../../Engine/Config/ConsoleVariables.ini]
[2021.11.13-08.32.22:090][  0]LogConfig: Setting CVar [[net.UseAdaptiveNetUpdateFrequency:0]]
[2021.11.13-08.32.22:090][  0]LogConfig: Setting CVar [[p.chaos.AllowCreatePhysxBodies:1]]
[2021.11.13-08.32.22:090][  0]LogConfig: Setting CVar [[fx.SkipVectorVMBackendOptimizations:1]]
[2021.11.13-08.32.22:090][  0]LogConfig: Applying CVar settings from Section [ConsoleVariables] File [D:/Project/GitHubProject/UEProject/LearnCPP/Saved/Config/Windows/Engine.ini]
[2021.11.13-08.32.22:090][  0]LogConfig: Applying CVar settings from Section [ConsoleVariables] File [D:/Project/GitHubProject/UEProject/LearnCPP/Saved/Config/Windows/Editor.ini]
[2021.11.13-08.32.22:119][  0]LogInit: Computer: TVPN
[2021.11.13-08.32.22:119][  0]LogInit: User: Sen66
[2021.11.13-08.32.22:120][  0]LogInit: CPU Page size=4096, Cores=6
[2021.11.13-08.32.22:120][  0]LogInit: High frequency timer resolution =3.609376 MHz
[2021.11.13-08.32.22:120][  0]LogMemory: Memory total: Physical=15.9GB (16GB approx)
[2021.11.13-08.32.22:120][  0]LogMemory: Platform Memory Stats for Windows
[2021.11.13-08.32.22:120][  0]LogMemory: Process Physical Memory: 146.15 MB used, 146.15 MB peak
[2021.11.13-08.32.22:120][  0]LogMemory: Process Virtual Memory: 128.20 MB used, 128.20 MB peak
[2021.11.13-08.32.22:120][  0]LogMemory: Physical Memory: 11147.76 MB used,  5184.18 MB free, 16331.94 MB total
[2021.11.13-08.32.22:120][  0]LogMemory: Virtual Memory: 134212808.00 MB used,  4918.31 MB free, 134217728.00 MB total
[2021.11.13-08.32.22:143][  0]LogWindows: WindowsPlatformFeatures enabled
[2021.11.13-08.32.22:870][  0]LogInit: Physics initialised using underlying interface: PhysX
[2021.11.13-08.32.22:902][  0]LogInit: Overriding language with editor language configuration option (en).
[2021.11.13-08.32.22:902][  0]LogInit: Using OS detected locale (zh-CN).
[2021.11.13-08.32.23:444][  0]LogInit: Setting process to per monitor DPI aware
[2021.11.13-08.32.23:607][  0]LogWindowsTextInputMethodSystem: Display: IME system deactivated.
[2021.11.13-08.32.23:816][  0]LogSlate: New Slate User Created.  User Index 0, Is Virtual User: 0
[2021.11.13-08.32.23:816][  0]LogSlate: Slate User Registered.  User Index 0, Is Virtual User: 0
[2021.11.13-08.32.24:270][  0]LogD3D11RHI: Loaded GFSDK_Aftermath_Lib.x64.dll
[2021.11.13-08.32.24:297][  0]LogHMD: Failed to initialize OpenVR with code 110
[2021.11.13-08.32.24:297][  0]LogD3D11RHI: D3D11 min allowed feature level: 11_0
[2021.11.13-08.32.24:297][  0]LogD3D11RHI: D3D11 max allowed feature level: 11_0
[2021.11.13-08.32.24:298][  0]LogD3D11RHI: D3D11 adapters:
[2021.11.13-08.32.24:403][  0]LogD3D11RHI:    0. 'NVIDIA GeForce GTX 1060 6GB' (Feature Level 11_0)
[2021.11.13-08.32.24:403][  0]LogD3D11RHI:       6055/0/8165 MB DedicatedVideo/DedicatedSystem/SharedSystem, Outputs:1, VendorId:0x10de
[2021.11.13-08.32.24:424][  0]LogD3D11RHI:    1. 'Microsoft Basic Render Driver' (Feature Level 11_0)
[2021.11.13-08.32.24:424][  0]LogD3D11RHI:       0/0/8165 MB DedicatedVideo/DedicatedSystem/SharedSystem, Outputs:0, VendorId:0x1414
[2021.11.13-08.32.24:425][  0]LogD3D11RHI: Chosen D3D11 Adapter: 0
[2021.11.13-08.32.24:433][  0]LogD3D11RHI: Creating new Direct3DDevice
[2021.11.13-08.32.24:433][  0]LogD3D11RHI:     GPU DeviceId: 0x1c03 (for the marketing name, search the web for "GPU Device Id")
[2021.11.13-08.32.24:433][  0]LogWindows: EnumDisplayDevices:
[2021.11.13-08.32.24:433][  0]LogWindows:    0. 'NVIDIA GeForce GTX 1060 6GB' (P:1 D:1)
[2021.11.13-08.32.24:434][  0]LogWindows:    1. 'NVIDIA GeForce GTX 1060 6GB' (P:0 D:0)
[2021.11.13-08.32.24:434][  0]LogWindows:    2. 'NVIDIA GeForce GTX 1060 6GB' (P:0 D:0)
[2021.11.13-08.32.24:435][  0]LogWindows:    3. 'NVIDIA GeForce GTX 1060 6GB' (P:0 D:0)
[2021.11.13-08.32.24:435][  0]LogWindows: DebugString: FoundDriverCount:4 
[2021.11.13-08.32.24:435][  0]LogD3D11RHI:     Adapter Name: NVIDIA GeForce GTX 1060 6GB
[2021.11.13-08.32.24:435][  0]LogD3D11RHI:   Driver Version: 391.35 (internal:23.21.13.9135, unified:391.35)
[2021.11.13-08.32.24:435][  0]LogD3D11RHI:      Driver Date: 3-23-2018
[2021.11.13-08.32.24:435][  0]LogRHI: Texture pool is 4238 MB (70% of 6055 MB)
[2021.11.13-08.32.24:484][  0]LogD3D11RHI: RHI has support for 64 bit atomics
[2021.11.13-08.32.24:484][  0]LogD3D11RHI: Async texture creation enabled
[2021.11.13-08.32.24:484][  0]LogD3D11RHI: Array index from any shader is supported
[2021.11.13-08.32.24:788][  0]LogD3D11RHI: GPU Timing Frequency: 1000.000000 (Debug: 2 2)
[2021.11.13-08.32.24:977][  0]LogRHI: GeForceNow SDK initialized: 1
[2021.11.13-08.32.25:371][  0]LogTargetPlatformManager: Display: Loaded TargetPlatform 'AllDesktop'
[2021.11.13-08.32.25:407][  0]LogTargetPlatformManager: Display: Loaded TargetPlatform 'Android'
[2021.11.13-08.32.25:407][  0]LogTargetPlatformManager: Display: Loaded TargetPlatform 'Android_ASTC'
[2021.11.13-08.32.25:407][  0]LogTargetPlatformManager: Display: Loaded TargetPlatform 'Android_DXT'
[2021.11.13-08.32.25:407][  0]LogTargetPlatformManager: Display: Loaded TargetPlatform 'Android_ETC2'
[2021.11.13-08.32.25:407][  0]LogTargetPlatformManager: Display: Loaded TargetPlatform 'AndroidClient'
[2021.11.13-08.32.25:407][  0]LogTargetPlatformManager: Display: Loaded TargetPlatform 'Android_ASTCClient'
[2021.11.13-08.32.25:408][  0]LogTargetPlatformManager: Display: Loaded TargetPlatform 'Android_DXTClient'
[2021.11.13-08.32.25:408][  0]LogTargetPlatformManager: Display: Loaded TargetPlatform 'Android_ETC2Client'
[2021.11.13-08.32.25:408][  0]LogTargetPlatformManager: Display: Loaded TargetPlatform 'Android_Multi'
[2021.11.13-08.32.25:408][  0]LogTargetPlatformManager: Display: Loaded TargetPlatform 'Android_MultiClient'
[2021.11.13-08.32.25:461][  0]LogTargetPlatformManager: Display: Loaded TargetPlatform 'IOSClient'
[2021.11.13-08.32.25:461][  0]LogTargetPlatformManager: Display: Loaded TargetPlatform 'IOS'
[2021.11.13-08.32.25:501][  0]LogTargetPlatformManager: Display: Loaded TargetPlatform 'Linux'
[2021.11.13-08.32.25:538][  0]LogTargetPlatformManager: Display: Loaded TargetPlatform 'LinuxNoEditor'
[2021.11.13-08.32.25:555][  0]LogTargetPlatformManager: Display: Loaded TargetPlatform 'LinuxClient'
[2021.11.13-08.32.25:571][  0]LogTargetPlatformManager: Display: Loaded TargetPlatform 'LinuxServer'
[2021.11.13-08.32.25:600][  0]LogTargetPlatformManager: Display: Loaded TargetPlatform 'LinuxAArch64NoEditor'
[2021.11.13-08.32.25:621][  0]LogTargetPlatformManager: Display: Loaded TargetPlatform 'LinuxAArch64Client'
[2021.11.13-08.32.25:640][  0]LogTargetPlatformManager: Display: Loaded TargetPlatform 'LinuxAArch64Server'
[2021.11.13-08.32.25:678][  0]LogTargetPlatformManager: Display: Loaded TargetPlatform 'Lumin'
[2021.11.13-08.32.25:678][  0]LogTargetPlatformManager: Display: Loaded TargetPlatform 'LuminClient'
[2021.11.13-08.32.25:705][  0]LogTargetPlatformManager: Display: Loaded TargetPlatform 'MacNoEditor'
[2021.11.13-08.32.25:721][  0]LogTargetPlatformManager: Display: Loaded TargetPlatform 'Mac'
[2021.11.13-08.32.25:732][  0]LogTargetPlatformManager: Display: Loaded TargetPlatform 'MacClient'
[2021.11.13-08.32.25:740][  0]LogTargetPlatformManager: Display: Loaded TargetPlatform 'MacServer'
[2021.11.13-08.32.25:785][  0]LogTargetPlatformManager: Display: Loaded TargetPlatform 'TVOSClient'
[2021.11.13-08.32.25:785][  0]LogTargetPlatformManager: Display: Loaded TargetPlatform 'TVOS'
[2021.11.13-08.32.25:806][  0]LogTargetPlatformManager: Display: Loaded TargetPlatform 'WindowsNoEditor'
[2021.11.13-08.32.25:816][  0]LogTargetPlatformManager: Display: Loaded TargetPlatform 'Windows'
[2021.11.13-08.32.25:827][  0]LogTargetPlatformManager: Display: Loaded TargetPlatform 'WindowsClient'
[2021.11.13-08.32.25:836][  0]LogTargetPlatformManager: Display: Loaded TargetPlatform 'WindowsServer'
[2021.11.13-08.32.25:837][  0]LogTargetPlatformManager: Display: Building Assets For Windows
[2021.11.13-08.32.25:921][  0]LogAudioDebug: Display: Lib vorbis DLL was dynamically loaded.
[2021.11.13-08.32.26:207][  0]LogTextureFormatOodle: Display: Oodle Texture 2.9.0 init RDO Off
[2021.11.13-08.32.26:811][  0]LogRendererCore: Ray tracing is disabled. Reason: r.RayTracing=0.
[2021.11.13-08.32.26:822][  0]LogShaderCompilers: Guid format shader working directory is -16 characters bigger than the processId version (../../../../../../../Project/GitHubProject/UEProject/LearnCPP/Intermediate/Shaders/WorkingDirectory/10784/).
[2021.11.13-08.32.26:823][  0]LogShaderCompilers: Cleaned the shader compiler working directory 'C:/Users/Sen66/AppData/Local/Temp/UnrealShaderWorkingDir/2DAA7FAD4E01EB48E850568FFD91D335/'.
[2021.11.13-08.32.26:823][  0]LogXGEController: Cannot use XGE Controller as Incredibuild is not installed on this machine.
[2021.11.13-08.32.26:823][  0]LogShaderCompilers: Cannot use XGE Shader Compiler as Incredibuild is not installed on this machine.
[2021.11.13-08.32.26:824][  0]LogShaderCompilers: Display: Using Local Shader Compiler.
[2021.11.13-08.32.28:247][  0]LogDerivedDataCache: Display: Max Cache Size: 512 MB
[2021.11.13-08.32.28:575][  0]LogDerivedDataCache: Loaded boot cache 0.33s 100MB C:/Users/Sen66/AppData/Local/UnrealEngine/4.27/DerivedDataCache/Boot.ddc.
[2021.11.13-08.32.28:575][  0]LogDerivedDataCache: Display: Loaded Boot cache: C:/Users/Sen66/AppData/Local/UnrealEngine/4.27/DerivedDataCache/Boot.ddc
[2021.11.13-08.32.28:575][  0]LogDerivedDataCache: FDerivedDataBackendGraph:  Pak pak cache file ../../../../../../../Project/GitHubProject/UEProject/LearnCPP/DerivedDataCache/DDC.ddp not found, will not use a pak cache.
[2021.11.13-08.32.28:575][  0]LogDerivedDataCache: Unable to find inner node Pak for hierarchical cache Hierarchy.
[2021.11.13-08.32.28:575][  0]LogDerivedDataCache: FDerivedDataBackendGraph:  CompressedPak pak cache file ../../../../../../../Project/GitHubProject/UEProject/LearnCPP/DerivedDataCache/Compressed.ddp not found, will not use a pak cache.
[2021.11.13-08.32.28:575][  0]LogDerivedDataCache: Unable to find inner node CompressedPak for hierarchical cache Hierarchy.
[2021.11.13-08.32.28:606][  0]LogDerivedDataCache: Display: Pak cache opened for reading ../../../Engine/DerivedDataCache/Compressed.ddp.
[2021.11.13-08.32.28:606][  0]LogDerivedDataCache: FDerivedDataBackendGraph:  EnterprisePak pak cache file ../../../Enterprise/DerivedDataCache/Compressed.ddp not found, will not use a pak cache.
[2021.11.13-08.32.28:606][  0]LogDerivedDataCache: Unable to find inner node EnterprisePak for hierarchical cache Hierarchy.
[2021.11.13-08.32.28:630][  0]LogDerivedDataCache: Speed tests for C:/Users/Sen66/AppData/Local/UnrealEngine/Common/DerivedDataCache took 0.02 seconds
[2021.11.13-08.32.28:631][  0]LogDerivedDataCache: Display: Performance to C:/Users/Sen66/AppData/Local/UnrealEngine/Common/DerivedDataCache: Latency=0.41ms. RandomReadSpeed=67.65MBs, RandomWriteSpeed=185.13MBs. Assigned SpeedClass 'Local'
[2021.11.13-08.32.28:632][  0]LogDerivedDataCache: Using Local data cache path C:/Users/Sen66/AppData/Local/UnrealEngine/Common/DerivedDataCache: Writable
[2021.11.13-08.32.28:632][  0]LogDerivedDataCache: Shared data cache path not found in *engine.ini, will not use an Shared cache.
[2021.11.13-08.32.28:632][  0]LogDerivedDataCache: Unable to find inner node Shared for hierarchical cache Hierarchy.
[2021.11.13-08.32.28:746][  0]LogSlate: Using FreeType 2.10.0
[2021.11.13-08.32.28:778][  0]LogSlate: SlateFontServices - WITH_FREETYPE: 1, WITH_HARFBUZZ: 1
[2021.11.13-08.32.29:130][  0]LogAssetRegistry: FAssetRegistry took 0.0109 seconds to start up
[2021.11.13-08.32.40:888][  0]LogInit: Selected Device Profile: [Windows]
[2021.11.13-08.32.40:888][  0]LogInit: Active device profile: [00000192C36D8900][00000192BAC25A00 49] Windows
[2021.11.13-08.32.40:888][  0]LogInit: Profiles: [00000192C36D8900][00000192BAC25A00 49] Windows, [00000192C3697600][00000192C236DB80 49] WindowsNoEditor, [00000192C36DB500][00000192C2370180 49] WindowsServer, [00000192C3694E00][00000192C27A4300 49] WindowsClient, [00000192C36DB800][00000192C27A8480 49] IOS, [00000192C3696600][00000192C27AC600 49] iPadAir, [00000192C36DA000][00000192C239C740 49] iPadAir2, [00000192C363CA00][00000192BABD8980 49] IPadPro, [00000192C363CB00][00000192BABD49C0 49] iPadAir3, [00000192C3695600][00000192BABDCB00 49] iPadAir4, [00000192C363F400][00000192BABE4C80 49] iPadMini2, [00000192C3696800][00000192C001EE00 49] iPadMini3, [00000192C363D700][00000192C0022F80 49] iPadMini4, [00000192C36D9000][00000192C0027100 49] iPadMini5, [00000192C3668300][00000192C002F3C0 49] iPhone6, [00000192C3668400][00000192C002B400 49] iPodTouch6, [00000192C363F600][00000192C23796C0 49] iPhone7, [00000192C363D800][00000192C2375700 49] iPodTouch7, [00000192C366BF00][00000192C237D880 49] iPhone5S, [00000192C3696100][00000192C2381A00 49] iPhone6Plus, [00000192C363C200][00000192C2385B80 49] iPhone6S, [00000192C3696000][00000192C2388180 49] iPhone6SPlus, [00000192C363FC00][00000192C238C300 49] iPhone7Plus, [00000192C3694100][00000192C2390480 49] iPhoneSE, [00000192C363F500][00000192C2394600 49] iPhone8, [00000192C3695C00][00000192C2398780 49] iPhone8Plus, [00000192C363D000][00000192C2302900 49] iPhoneX, [00000192C3694A00][00000192BABE0A40 49] iPhoneXS, [00000192C363D200][00000192C2306B80 49] iPhoneXSMax, [00000192C3695300][00000192C230ACC0 49] iPhoneXR, [00000192C363F700][00000192C2312E40 49] iPhone11, [00000192C3694D00][00000192C2316FC0 49] iPhone11Pro, [00000192C363F800][00000192C231B140 49] iPhone11ProMax, [00000192C3697F00][00000192C231F2C0 49] iPhoneSE2, [00000192C363EE00][00000192C2323440 49] iPhone12Mini, [00000192C3696F00][00000192C23275C0 49] iPhone12, [00000192C363EB00][00000192C232B740 49] iPhone12Pro, [00000192C3694800][00000192C232F8C0 49] iPhone12ProMax, [00000192C363E300][00000192C2333A40 49] iPadPro105, [00000192C3696D00][00000192C2337BC0 49] iPadPro129, [00000192C363E000][00000192C233A1C0 49] iPadPro97, [00000192C3695100][00000192C233E340 49] iPadPro2_129, [00000192C363DA00][00000192C205C4C0 49] iPad5, [00000192C3695800][00000192C2060640 49] iPad6, [00000192C363E800][00000192C20647C0 49] iPad7, [00000192C3694C00][00000192C2068940 49] iPad8, [00000192C363F200][00000192C206CAC0 49] iPadPro11, [00000192C3695400][00000192C230EC00 49] iPadPro2_11, [00000192C363DC00][00000192C2070D40 49] iPadPro3_129, [00000192C3697700][00000192C2074E80 49] iPadPro4_129, [00000192C363D500][00000192C2078FC0 49] AppleTV, [00000192C3694300][00000192C2081140 49] AppleTV4K, [00000192C363C100][00000192C20852C0 49] TVOS, [00000192C3696200][00000192C2089440 49] Mac, [00000192C363E100][00000192C208D5C0 49] MacClient, [00000192C3697200][00000192C2091740 49] MacNoEditor, [00000192C363DF00][00000192C20958C0 49] MacServer, [00000192C3694600][00000192C2099A40 49] Linux, [00000192C363E200][00000192C209DBC0 49] LinuxAArch64, [00000192C3697400][00000192C20A01C0 49] LinuxNoEditor, [00000192C363DD00][00000192C20A4340 49] LinuxAArch64NoEditor, [00000192C3695200][00000192C21D04C0 49] LinuxClient, [00000192C363F100][00000192C21D4640 49] LinuxAArch64Client, [00000192C3695700][00000192C21D87C0 49] LinuxServer, [00000192C363F000][00000192C21DC940 49] LinuxAArch64Server, [00000192C3696400][00000192C21E0AC0 49] Android, [00000192C363C700][00000192C21E4C40 49] Android_Low, [00000192C3695900][00000192C207CD80 49] Android_Mid, [00000192C36DBA00][00000192C21E8EC0 49] Android_High, [00000192C3669C00][00000192C21ED000 49] Android_Default, [00000192C36DA100][00000192C21F1140 49] Android_Adreno4xx, [00000192C366A700][00000192C21F92C0 49] Android_Adreno5xx_Low, [00000192C36D8B00][00000192C21FD440 49] Android_Adreno5xx, [00000192C366AD00][00000192C22015C0 49] Android_Adreno6xx, [00000192C36D9200][00000192C2205740 49] Android_Adreno6xx_Vulkan, [00000192C366A800][00000192C22098C0 49] Android_Mali_T6xx, [00000192C36DB200][00000192C220DA40 49] Android_Mali_T7xx, [00000192C366AE00][00000192C2211BC0 49] Android_Mali_T8xx, [00000192C36DA500][00000192C22141C0 49] Android_Mali_G71, [00000192C366BE00][00000192C2218340 49] Android_Mali_G72, [00000192C36DAA00][00000192C221C4C0 49] Android_Mali_G72_Vulkan, [00000192C3669B00][00000192C2220640 49] Android_Mali_G76, [00000192C36D9B00][00000192C22247C0 49] Android_Mali_G76_Vulkan, [00000192C366BD00][00000192C2228940 49] Android_Mali_G77, [00000192C36DAD00][00000192C222CAC0 49] Android_Mali_G77_Vulkan, [00000192C366B900][00000192C2230C40 49] Android_Mali_G78, [00000192C36D8D00][00000192C2234DC0 49] Android_Mali_G78_Vulkan, [00000192C3668500][00000192C2238F40 49] Android_Mali_G710, [00000192C36DAB00][00000192C21F5080 49] Android_Mali_G710_Vulkan, [00000192C366B500][00000192C223D1C0 49] Android_Vulkan_SM5, [00000192C36DB400][00000192C2241300 49] Android_PowerVR_G6xxx, [00000192C366A400][00000192C2249480 49] Android_PowerVR_GT7xxx, [00000192C36DBC00][00000192C224D600 49] Android_PowerVR_GE8xxx, [00000192C366A200][00000192C2251780 49] Android_PowerVR_GM9xxx, [00000192C36DB000][00000192C2255900 49] Android_PowerVR_GM9xxx_Vulkan, [00000192C3669500][00000192C2259A80 49] Android_TegraK1, [00000192C36D9100][00000192C225DC00 49] Android_Unknown_Vulkan, [00000192C3697B00][00000192C2260200 49] Lumin, [00000192C36DA900][00000192C2264380 49] Lumin_Desktop, [00000192C3697C00][00000192C2268500 49] HoloLens, 
[2021.11.13-08.32.43:082][  0]LogMeshReduction: Using QuadricMeshReduction for automatic static mesh reduction
[2021.11.13-08.32.43:083][  0]LogMeshReduction: Using SimplygonMeshReduction for automatic skeletal mesh reduction
[2021.11.13-08.32.43:083][  0]LogMeshReduction: Using ProxyLODMeshReduction for automatic mesh merging
[2021.11.13-08.32.43:083][  0]LogMeshReduction: No distributed automatic mesh merging module available
[2021.11.13-08.32.43:084][  0]LogMeshMerging: No distributed automatic mesh merging module available
[2021.11.13-08.32.43:493][  0]LogNetVersion: LearnCPP 1.0.0, NetCL: 17155196, EngineNetVer: 17, GameNetVer: 0 (Checksum: 1490128569)
[2021.11.13-08.32.49:677][  0]LogTexture: Default maximum texture size for cubemaps generated from long-lat sources has been changed from 512 to unlimited. In order to preserve old behaiour for '/Engine/MapTemplates/Sky/DaylightAmbientCubemap.DaylightAmbientCubemap', its maximum texture size has been explicitly set to 512.
[2021.11.13-08.32.50:221][  0]LogHMD: PokeAHoleMaterial loaded successfully
[2021.11.13-08.32.50:272][  0]LogUObjectArray: 17178 objects as part of root set at end of initial load.
[2021.11.13-08.32.50:272][  0]LogUObjectAllocator: 4301856 out of 0 bytes used by permanent object pool.
[2021.11.13-08.32.50:272][  0]LogUObjectArray: CloseDisregardForGC: 0/0 objects in disregard for GC pool
[2021.11.13-08.32.52:721][  0]LogPython: Using Python 3.7.7
[2021.11.13-08.32.54:192][  0]LogNiagaraDebuggerClient: Niagara Debugger Client Initialized | Session: 15D826164C0E02EBAFD8D2928BFFAC14 | Instance: 1E28EFEB4A77A4CC72A38487989AB9FD (TVPN-10784).
[2021.11.13-08.32.54:553][  0]LogStreaming: Warning: Failed to read file '../../../Engine/Content/Editor/Slate/Niagara/MenuSeparator.png' error.
[2021.11.13-08.32.54:553][  0]LogSlate: Could not find file for Slate resource: ../../../Engine/Content/Editor/Slate/Niagara/MenuSeparator.png
[2021.11.13-08.32.54:553][  0]LogStreaming: Warning: Failed to read file '../../../Engine/Content/Editor/Slate/Niagara/Common/Selector.png' error.
[2021.11.13-08.32.54:554][  0]LogSlate: Could not find file for Slate resource: ../../../Engine/Content/Editor/Slate/Niagara/Common/Selector.png
[2021.11.13-08.32.54:554][  0]LogStreaming: Warning: Failed to read file '../../../Engine/Content/Editor/Slate/Niagara/Common/Selection.png' error.
[2021.11.13-08.32.54:554][  0]LogSlate: Could not find file for Slate resource: ../../../Engine/Content/Editor/Slate/Niagara/Common/Selection.png
[2021.11.13-08.32.54:554][  0]LogStreaming: Warning: Failed to read file '../../../Engine/Content/Editor/Slate/Niagara/Common/DropZoneIndicator_Above.png' error.
[2021.11.13-08.32.54:554][  0]LogSlate: Could not find file for Slate resource: ../../../Engine/Content/Editor/Slate/Niagara/Common/DropZoneIndicator_Above.png
[2021.11.13-08.32.54:554][  0]LogStreaming: Warning: Failed to read file '../../../Engine/Content/Editor/Slate/Niagara/Common/DropZoneIndicator_Onto.png' error.
[2021.11.13-08.32.54:554][  0]LogSlate: Could not find file for Slate resource: ../../../Engine/Content/Editor/Slate/Niagara/Common/DropZoneIndicator_Onto.png
[2021.11.13-08.32.54:554][  0]LogStreaming: Warning: Failed to read file '../../../Engine/Content/Editor/Slate/Niagara/Common/DropZoneIndicator_Below.png' error.
[2021.11.13-08.32.54:554][  0]LogSlate: Could not find file for Slate resource: ../../../Engine/Content/Editor/Slate/Niagara/Common/DropZoneIndicator_Below.png
[2021.11.13-08.32.54:554][  0]LogStreaming: Warning: Failed to read file '../../../Engine/Content/Editor/Slate/Niagara/Common/RoundedSelection_16x.png' error.
[2021.11.13-08.32.54:554][  0]LogSlate: Could not find file for Slate resource: ../../../Engine/Content/Editor/Slate/Niagara/Common/RoundedSelection_16x.png
[2021.11.13-08.32.54:554][  0]LogStreaming: Warning: Failed to read file '../../../Engine/Content/Editor/Slate/Niagara/Common/FlatButton.png' error.
[2021.11.13-08.32.54:554][  0]LogSlate: Could not find file for Slate resource: ../../../Engine/Content/Editor/Slate/Niagara/Common/FlatButton.png
[2021.11.13-08.32.54:914][  0]LogImageWrapper: Warning: PNG Warning: Duplicate iCCP chunk
[2021.11.13-08.32.54:915][  0]LogImageWrapper: Warning: PNG Warning: Duplicate iCCP chunk
[2021.11.13-08.32.54:915][  0]LogUdpMessaging: Initializing bridge on interface 0.0.0.0:0 to multicast group 230.0.0.1:6666.
[2021.11.13-08.32.54:959][  0]LogTcpMessaging: Initializing TcpMessaging bridge
[2021.11.13-08.32.59:088][  0]LogOpenImageDenoise: OIDN starting up
[2021.11.13-08.32.59:270][  0]SourceControl: Source control is disabled
[2021.11.13-08.32.59:270][  0]SourceControl: Source control is disabled
[2021.11.13-08.32.59:310][  0]SourceControl: Source control is disabled
[2021.11.13-08.32.59:325][  0]SourceControl: Source control is disabled
[2021.11.13-08.32.59:353][  0]SourceControl: Source control is disabled
[2021.11.13-08.32.59:396][  0]LogUProjectInfo: Found projects:
[2021.11.13-08.32.59:538][  0]LogAndroidPermission: UAndroidPermissionCallbackProxy::GetInstance
[2021.11.13-08.32.59:649][  0]LogAudioCaptureCore: Display: No Audio Capture implementations found. Audio input will be silent.
[2021.11.13-08.32.59:649][  0]LogAudioCaptureCore: Display: No Audio Capture implementations found. Audio input will be silent.
[2021.11.13-08.33.00:567][  0]LogCollectionManager: Loaded 0 collections in 0.000631 seconds
[2021.11.13-08.33.00:701][  0]LogFileCache: Scanning file cache for directory 'D:/Project/GitHubProject/UEProject/LearnCPP/Saved/Collections/' took 0.00s
[2021.11.13-08.33.00:701][  0]LogFileCache: Scanning file cache for directory 'D:/Project/GitHubProject/UEProject/LearnCPP/Content/Developers/Sen66/Collections/' took 0.00s
[2021.11.13-08.33.00:701][  0]LogFileCache: Scanning file cache for directory 'D:/Project/GitHubProject/UEProject/LearnCPP/Content/Collections/' took 0.00s
[2021.11.13-08.33.00:701][  0]LogOcInput: OculusInput pre-init called
[2021.11.13-08.33.01:252][  0]LogStreaming: Warning: Failed to read file '../../../Engine/Content/Editor/Slate/Niagara/MenuSeparator.png' error.
[2021.11.13-08.33.01:252][  0]LogSlate: Could not find file for Slate resource: ../../../Engine/Content/Editor/Slate/Niagara/MenuSeparator.png
[2021.11.13-08.33.01:252][  0]LogStreaming: Warning: Failed to read file '../../../Engine/Content/Editor/Slate/Niagara/Common/Selector.png' error.
[2021.11.13-08.33.01:252][  0]LogSlate: Could not find file for Slate resource: ../../../Engine/Content/Editor/Slate/Niagara/Common/Selector.png
[2021.11.13-08.33.01:252][  0]LogStreaming: Warning: Failed to read file '../../../Engine/Content/Editor/Slate/Niagara/Common/Selection.png' error.
[2021.11.13-08.33.01:252][  0]LogSlate: Could not find file for Slate resource: ../../../Engine/Content/Editor/Slate/Niagara/Common/Selection.png
[2021.11.13-08.33.01:252][  0]LogStreaming: Warning: Failed to read file '../../../Engine/Content/Editor/Slate/Niagara/Common/DropZoneIndicator_Above.png' error.
[2021.11.13-08.33.01:253][  0]LogSlate: Could not find file for Slate resource: ../../../Engine/Content/Editor/Slate/Niagara/Common/DropZoneIndicator_Above.png
[2021.11.13-08.33.01:253][  0]LogStreaming: Warning: Failed to read file '../../../Engine/Content/Editor/Slate/Niagara/Common/DropZoneIndicator_Onto.png' error.
[2021.11.13-08.33.01:253][  0]LogSlate: Could not find file for Slate resource: ../../../Engine/Content/Editor/Slate/Niagara/Common/DropZoneIndicator_Onto.png
[2021.11.13-08.33.01:253][  0]LogStreaming: Warning: Failed to read file '../../../Engine/Content/Editor/Slate/Niagara/Common/DropZoneIndicator_Below.png' error.
[2021.11.13-08.33.01:253][  0]LogSlate: Could not find file for Slate resource: ../../../Engine/Content/Editor/Slate/Niagara/Common/DropZoneIndicator_Below.png
[2021.11.13-08.33.01:253][  0]LogStreaming: Warning: Failed to read file '../../../Engine/Content/Editor/Slate/Niagara/Common/RoundedSelection_16x.png' error.
[2021.11.13-08.33.01:253][  0]LogSlate: Could not find file for Slate resource: ../../../Engine/Content/Editor/Slate/Niagara/Common/RoundedSelection_16x.png
[2021.11.13-08.33.01:253][  0]LogStreaming: Warning: Failed to read file '../../../Engine/Content/Editor/Slate/Niagara/Common/FlatButton.png' error.
[2021.11.13-08.33.01:253][  0]LogSlate: Could not find file for Slate resource: ../../../Engine/Content/Editor/Slate/Niagara/Common/FlatButton.png
[2021.11.13-08.33.01:253][  0]LogImageWrapper: Warning: PNG Warning: Duplicate iCCP chunk
[2021.11.13-08.33.01:253][  0]LogImageWrapper: Warning: PNG Warning: Duplicate iCCP chunk
[2021.11.13-08.33.01:850][  0]LogEngine: Initializing Engine...
[2021.11.13-08.33.01:904][  0]LogHMD: Failed to enumerate extensions. Please check that you have a valid OpenXR runtime installed.
[2021.11.13-08.33.01:904][  0]LogHMD: Failed to initialize OpenVR with code 110
[2021.11.13-08.33.01:905][  0]LogMagicLeap: Warning: VR disabled because ZI is not enabled.  To enable, in the editor, Edit -> Project Settings -> Plugins -> Magic Leap Plugin -> Enable Zero Iteration
[2021.11.13-08.33.01:913][  0]LogStats: UGameplayTagsManager::InitializeManager -  0.001 s
[2021.11.13-08.33.02:296][  0]LogWindowsTextInputMethodSystem: Display: IME system activated using TSF (搜狗拼音输入法).
[2021.11.13-08.33.02:296][  0]LogInit: Initializing FReadOnlyCVARCache
[2021.11.13-08.33.02:382][  0]LogAIModule: Creating AISystem for world Untitled
[2021.11.13-08.33.02:383][  0]LogAudio: Display: Initializing Audio Device Manager...
[2021.11.13-08.33.02:399][  0]LogAudio: Display: Loading Default Audio Settings Objects...
[2021.11.13-08.33.02:407][  0]LogAudio: Display: No default SoundConcurrencyObject specified (or failed to load).
[2021.11.13-08.33.02:419][  0]LogAudio: Display: Audio Device Manager Initialized
[2021.11.13-08.33.02:419][  0]LogAudio: Display: Creating Audio Device:                 Id: 1, Scope: Shared, Realtime: True
[2021.11.13-08.33.02:419][  0]LogAudioMixer: Display: Audio Mixer Platform Settings:
[2021.11.13-08.33.02:419][  0]LogAudioMixer: Display: 	Sample Rate:						  48000
[2021.11.13-08.33.02:419][  0]LogAudioMixer: Display: 	Callback Buffer Frame Size Requested: 1024
[2021.11.13-08.33.02:419][  0]LogAudioMixer: Display: 	Callback Buffer Frame Size To Use:	  1024
[2021.11.13-08.33.02:419][  0]LogAudioMixer: Display: 	Number of buffers to queue:			  2
[2021.11.13-08.33.02:419][  0]LogAudioMixer: Display: 	Max Channels (voices):				  32
[2021.11.13-08.33.02:420][  0]LogAudioMixer: Display: 	Number of Async Source Workers:		  0
[2021.11.13-08.33.02:420][  0]LogAudio: Display: AudioDevice MaxSources: 32
[2021.11.13-08.33.02:420][  0]LogAudio: Display: Audio Spatialization Plugin: None (built-in).
[2021.11.13-08.33.02:420][  0]LogAudio: Display: Audio Reverb Plugin: None (built-in).
[2021.11.13-08.33.02:420][  0]LogAudio: Display: Audio Occlusion Plugin: None (built-in).
[2021.11.13-08.33.02:420][  0]LogAudioMixer: Display: Initializing audio mixer.
[2021.11.13-08.33.02:553][  0]LogAudioMixer: Display: 0: FrontLeft
[2021.11.13-08.33.02:553][  0]LogAudioMixer: Display: 1: FrontRight
[2021.11.13-08.33.02:553][  0]LogAudioMixer: Display: 2: BackLeft
[2021.11.13-08.33.02:553][  0]LogAudioMixer: Display: 3: BackRight
[2021.11.13-08.33.02:585][  0]LogAudioMixer: Display: Using Audio Device 扬声器 (Realtek High Definition Audio)
[2021.11.13-08.33.02:589][  0]LogAudioMixer: Display: Initializing Sound Submixes...
[2021.11.13-08.33.02:620][  0]LogAudioMixer: Display: Creating Master Submix 'MasterSubmixDefault'
[2021.11.13-08.33.02:620][  0]LogAudioMixer: Display: Creating Master Submix 'MasterReverbSubmixDefault'
[2021.11.13-08.33.02:623][  0]LogAudioMixer: Display: Creating Master Submix 'MasterEQSubmixDefault'
[2021.11.13-08.33.02:623][  0]LogAudioMixer: FMixerPlatformXAudio2::StartAudioStream() called
[2021.11.13-08.33.02:623][  0]LogAudioMixer: Display: Output buffers initialized: Frames=1024, Channels=4, Samples=4096
[2021.11.13-08.33.02:625][  0]LogAudioMixer: Display: Starting AudioMixerPlatformInterface::RunInternal()
[2021.11.13-08.33.02:625][  0]LogAudioMixer: Display: FMixerPlatformXAudio2::SubmitBuffer() called for the first time
[2021.11.13-08.33.02:625][  0]LogInit: FAudioDevice initialized.
[2021.11.13-08.33.02:626][  0]LogAudio: Display: Audio Device (ID: 1) registered with world 'Untitled'.
[2021.11.13-08.33.02:626][  0]LogNetVersion: Set ProjectVersion to 1.0.0.0. Version Checksum will be recalculated on next use.
[2021.11.13-08.33.02:844][  0]LogDerivedDataCache: Saved boot cache 0.22s 100MB C:/Users/Sen66/AppData/Local/UnrealEngine/4.27/DerivedDataCache/Boot.ddc.
[2021.11.13-08.33.02:845][  0]LogInit: Texture streaming: Enabled
[2021.11.13-08.33.02:923][  0]LogAnalytics: Display: [UEEditor.Rocket.Release] APIServer = https://datarouter.ol.epicgames.com/. AppVersion = 4.27.0-17155196+++UE4+Release-4.27
[2021.11.13-08.33.03:076][  0]LogEngineSessionManager: EngineSessionManager initialized
[2021.11.13-08.33.03:077][  0]LogEngineSessionManager: EngineSessionManager sent abnormal shutdown report. Type=Debugger, SessionId={E03520CA-4AEA-44B9-F618-F2AC72004F61}
[2021.11.13-08.33.03:077][  0]LogEditorSessionSummary: Verbose: Initializing EditorSessionSummaryWriter for editor session tracking
[2021.11.13-08.33.03:100][  0]LogEditorSessionSummary: EditorSessionSummaryWriter initialized
[2021.11.13-08.33.03:212][  0]LogInit: Transaction tracking system initialized
[2021.11.13-08.33.03:454][  0]BlueprintLog: New page: Editor Load
[2021.11.13-08.33.03:921][  0]LocalizationService: Localization service is disabled
[2021.11.13-08.33.04:118][  0]TimingProfiler: Initialize
[2021.11.13-08.33.04:119][  0]TimingProfiler: OnSessionChanged
[2021.11.13-08.33.04:119][  0]LoadingProfiler: Initialize
[2021.11.13-08.33.04:119][  0]LoadingProfiler: OnSessionChanged
[2021.11.13-08.33.04:119][  0]NetworkingProfiler: Initialize
[2021.11.13-08.33.04:119][  0]NetworkingProfiler: OnSessionChanged
[2021.11.13-08.33.04:119][  0]MemoryProfiler: Initialize
[2021.11.13-08.33.04:119][  0]MemoryProfiler: OnSessionChanged
[2021.11.13-08.33.04:912][  0]LogFileCache: Scanning file cache for directory 'D:/Project/GitHubProject/UEProject/LearnCPP/Content/' took 0.00s
[2021.11.13-08.33.04:913][  0]LogCook: Display: CookSettings for Memory: MemoryMaxUsedVirtual 0MiB, MemoryMaxUsedPhysical 16384MiB, MemoryMinFreeVirtual 0MiB, MemoryMinFreePhysical 1024MiB
[2021.11.13-08.33.04:918][  0]LogCook: Display: Mobile HDR setting 1
[2021.11.13-08.33.06:643][  0]LogStreaming: Warning: Failed to read file '../../../Engine/Content/Editor/Slate/Niagara/MenuSeparator.png' error.
[2021.11.13-08.33.06:643][  0]LogSlate: Could not find file for Slate resource: ../../../Engine/Content/Editor/Slate/Niagara/MenuSeparator.png
[2021.11.13-08.33.06:643][  0]LogStreaming: Warning: Failed to read file '../../../Engine/Content/Editor/Slate/Niagara/Common/Selector.png' error.
[2021.11.13-08.33.06:643][  0]LogSlate: Could not find file for Slate resource: ../../../Engine/Content/Editor/Slate/Niagara/Common/Selector.png
[2021.11.13-08.33.06:643][  0]LogStreaming: Warning: Failed to read file '../../../Engine/Content/Editor/Slate/Niagara/Common/Selection.png' error.
[2021.11.13-08.33.06:643][  0]LogSlate: Could not find file for Slate resource: ../../../Engine/Content/Editor/Slate/Niagara/Common/Selection.png
[2021.11.13-08.33.06:644][  0]LogStreaming: Warning: Failed to read file '../../../Engine/Content/Editor/Slate/Niagara/Common/DropZoneIndicator_Above.png' error.
[2021.11.13-08.33.06:644][  0]LogSlate: Could not find file for Slate resource: ../../../Engine/Content/Editor/Slate/Niagara/Common/DropZoneIndicator_Above.png
[2021.11.13-08.33.06:644][  0]LogStreaming: Warning: Failed to read file '../../../Engine/Content/Editor/Slate/Niagara/Common/DropZoneIndicator_Onto.png' error.
[2021.11.13-08.33.06:644][  0]LogSlate: Could not find file for Slate resource: ../../../Engine/Content/Editor/Slate/Niagara/Common/DropZoneIndicator_Onto.png
[2021.11.13-08.33.06:644][  0]LogStreaming: Warning: Failed to read file '../../../Engine/Content/Editor/Slate/Niagara/Common/DropZoneIndicator_Below.png' error.
[2021.11.13-08.33.06:644][  0]LogSlate: Could not find file for Slate resource: ../../../Engine/Content/Editor/Slate/Niagara/Common/DropZoneIndicator_Below.png
[2021.11.13-08.33.06:644][  0]LogStreaming: Warning: Failed to read file '../../../Engine/Content/Editor/Slate/Niagara/Common/RoundedSelection_16x.png' error.
[2021.11.13-08.33.06:644][  0]LogSlate: Could not find file for Slate resource: ../../../Engine/Content/Editor/Slate/Niagara/Common/RoundedSelection_16x.png
[2021.11.13-08.33.06:644][  0]LogStreaming: Warning: Failed to read file '../../../Engine/Content/Editor/Slate/Niagara/Common/FlatButton.png' error.
[2021.11.13-08.33.06:644][  0]LogSlate: Could not find file for Slate resource: ../../../Engine/Content/Editor/Slate/Niagara/Common/FlatButton.png
[2021.11.13-08.33.06:644][  0]LogImageWrapper: Warning: PNG Warning: Duplicate iCCP chunk
[2021.11.13-08.33.06:644][  0]LogImageWrapper: Warning: PNG Warning: Duplicate iCCP chunk
[2021.11.13-08.33.06:740][  0]LogInit: Display: Engine is initialized. Leaving FEngineLoop::Init()
[2021.11.13-08.33.06:822][  0]SourceControl: Source control is disabled
[2021.11.13-08.33.06:831][  0]LogUnrealEdMisc: Loading editor; pre map load, took 49.716
[2021.11.13-08.33.06:879][  0]Cmd: MAP LOAD FILE="../../../../../../../Project/GitHubProject/UEProject/LearnCPP/Content/FirstPersonCPP/Maps/FirstPersonExampleMap.umap" TEMPLATE=0 SHOWPROGRESS=1 FEATURELEVEL=3
[2021.11.13-08.33.06:880][  0]LightingResults: New page: Lighting Build
[2021.11.13-08.33.06:916][  0]LogWorld: UWorld::CleanupWorld for Untitled, bSessionEnded=true, bCleanupResources=true
[2021.11.13-08.33.06:916][  0]LogSlate: InvalidateAllWidgets triggered.  All widgets were invalidated
[2021.11.13-08.33.06:916][  0]MapCheck: New page: Map Check
[2021.11.13-08.33.06:916][  0]LightingResults: New page: Lighting Build
[2021.11.13-08.33.06:921][  0]LogAudio: Display: Audio Device unregistered from world 'None'.
[2021.11.13-08.33.06:943][  0]LogUObjectHash: Compacting FUObjectHashTables data took   0.81ms
[2021.11.13-08.33.07:317][  0]LogAudio: Display: Audio Device (ID: 1) registered with world 'FirstPersonExampleMap'.
[2021.11.13-08.33.07:319][  0]LogAIModule: Creating AISystem for world FirstPersonExampleMap
[2021.11.13-08.33.07:452][  0]LogEditorServer: Finished looking for orphan Actors (0.000 secs)
[2021.11.13-08.33.07:468][  0]LogUObjectHash: Compacting FUObjectHashTables data took   0.77ms
[2021.11.13-08.33.07:468][  0]Cmd: MAP CHECKDEP NOCLEARLOG
[2021.11.13-08.33.07:476][  0]MapCheck: Map check complete: 0 Error(s), 0 Warning(s), took 7.42ms to complete.
[2021.11.13-08.33.07:476][  0]LogFileHelpers: Loading map 'FirstPersonExampleMap' took 0.641
[2021.11.13-08.33.07:478][  0]LogUnrealEdMisc: Total Editor Startup Time, took 50.363
[2021.11.13-08.33.07:902][  0]LogSlate: Updating window title bar state: overlay mode, drag disabled, window buttons hidden, title bar hidden
[2021.11.13-08.33.07:924][  0]LogSlate: Updating window title bar state: overlay mode, drag disabled, window buttons hidden, title bar hidden
[2021.11.13-08.33.07:930][  0]LogSlate: Updating window title bar state: overlay mode, drag disabled, window buttons hidden, title bar hidden
[2021.11.13-08.33.07:936][  0]LogSlate: Updating window title bar state: overlay mode, drag disabled, window buttons hidden, title bar hidden
[2021.11.13-08.33.08:058][  0]LogNativeClassHierarchy: Verbose: Native class hierarchy populated in 0.0083 seconds. Added 3830 classes and 930 folders.
[2021.11.13-08.33.08:275][  0]LogNativeClassHierarchy: Verbose: Native class hierarchy updated for 'WidgetCarousel' in 0.0003 seconds. Added 0 classes and 0 folders.
[2021.11.13-08.33.08:346][  0]LogPakFile: PakFile PrimaryIndexSize=187
[2021.11.13-08.33.08:346][  0]LogPakFile: PakFile PathHashIndexSize=101
[2021.11.13-08.33.08:346][  0]LogPakFile: PakFile FullDirectoryIndexSize=148
[2021.11.13-08.33.08:368][  0]LogShaderLibrary: Display: ShaderCodeLibraryPakFileMountedCallback: PakFile 'D:/SoftWare/Unreal/UnrealEngine/UE_4.27/FeaturePacks/FP_FirstPerson.upack' (chunk index -1, root 'root:/') mounted
[2021.11.13-08.33.08:369][  0]LogShaderLibrary: Display: ShaderCodeLibraryPakFileMountedCallback: pending pak file info (ChunkID:-1 Root:root:/ File:D:/SoftWare/Unreal/UnrealEngine/UE_4.27/FeaturePacks/FP_FirstPerson.upack)
[2021.11.13-08.33.08:369][  0]LogPakFile: OnPakFileMounted2Time == 0.022376
[2021.11.13-08.33.08:394][  0]LogPakFile: PakFile PrimaryIndexSize=189
[2021.11.13-08.33.08:394][  0]LogPakFile: PakFile PathHashIndexSize=101
[2021.11.13-08.33.08:394][  0]LogPakFile: PakFile FullDirectoryIndexSize=152
[2021.11.13-08.33.08:394][  0]LogShaderLibrary: Display: ShaderCodeLibraryPakFileMountedCallback: PakFile 'D:/SoftWare/Unreal/UnrealEngine/UE_4.27/FeaturePacks/FP_FirstPersonBP.upack' (chunk index -1, root 'root:/') mounted
[2021.11.13-08.33.08:395][  0]LogShaderLibrary: Display: ShaderCodeLibraryPakFileMountedCallback: pending pak file info (ChunkID:-1 Root:root:/ File:D:/SoftWare/Unreal/UnrealEngine/UE_4.27/FeaturePacks/FP_FirstPersonBP.upack)
[2021.11.13-08.33.08:395][  0]LogPakFile: OnPakFileMounted2Time == 0.000169
[2021.11.13-08.33.08:411][  0]LogPakFile: PakFile PrimaryIndexSize=191
[2021.11.13-08.33.08:411][  0]LogPakFile: PakFile PathHashIndexSize=101
[2021.11.13-08.33.08:411][  0]LogPakFile: PakFile FullDirectoryIndexSize=160
[2021.11.13-08.33.08:411][  0]LogShaderLibrary: Display: ShaderCodeLibraryPakFileMountedCallback: PakFile 'D:/SoftWare/Unreal/UnrealEngine/UE_4.27/FeaturePacks/MobileStarterContent.upack' (chunk index -1, root 'root:/') mounted
[2021.11.13-08.33.08:411][  0]LogShaderLibrary: Display: ShaderCodeLibraryPakFileMountedCallback: pending pak file info (ChunkID:-1 Root:root:/ File:D:/SoftWare/Unreal/UnrealEngine/UE_4.27/FeaturePacks/MobileStarterContent.upack)
[2021.11.13-08.33.08:411][  0]LogPakFile: OnPakFileMounted2Time == 0.000219
[2021.11.13-08.33.08:423][  0]LogPakFile: PakFile PrimaryIndexSize=185
[2021.11.13-08.33.08:424][  0]LogPakFile: PakFile PathHashIndexSize=101
[2021.11.13-08.33.08:424][  0]LogPakFile: PakFile FullDirectoryIndexSize=148
[2021.11.13-08.33.08:424][  0]LogShaderLibrary: Display: ShaderCodeLibraryPakFileMountedCallback: PakFile 'D:/SoftWare/Unreal/UnrealEngine/UE_4.27/FeaturePacks/StarterContent.upack' (chunk index -1, root 'root:/') mounted
[2021.11.13-08.33.08:424][  0]LogShaderLibrary: Display: ShaderCodeLibraryPakFileMountedCallback: pending pak file info (ChunkID:-1 Root:root:/ File:D:/SoftWare/Unreal/UnrealEngine/UE_4.27/FeaturePacks/StarterContent.upack)
[2021.11.13-08.33.08:424][  0]LogPakFile: OnPakFileMounted2Time == 0.000168
[2021.11.13-08.33.08:457][  0]LogPakFile: PakFile PrimaryIndexSize=190
[2021.11.13-08.33.08:457][  0]LogPakFile: PakFile PathHashIndexSize=101
[2021.11.13-08.33.08:457][  0]LogPakFile: PakFile FullDirectoryIndexSize=154
[2021.11.13-08.33.08:457][  0]LogShaderLibrary: Display: ShaderCodeLibraryPakFileMountedCallback: PakFile 'D:/SoftWare/Unreal/UnrealEngine/UE_4.27/FeaturePacks/TP_2DSideScroller.upack' (chunk index -1, root 'root:/') mounted
[2021.11.13-08.33.08:457][  0]LogShaderLibrary: Display: ShaderCodeLibraryPakFileMountedCallback: pending pak file info (ChunkID:-1 Root:root:/ File:D:/SoftWare/Unreal/UnrealEngine/UE_4.27/FeaturePacks/TP_2DSideScroller.upack)
[2021.11.13-08.33.08:457][  0]LogPakFile: OnPakFileMounted2Time == 0.000125
[2021.11.13-08.33.08:472][  0]LogPakFile: PakFile PrimaryIndexSize=192
[2021.11.13-08.33.08:472][  0]LogPakFile: PakFile PathHashIndexSize=101
[2021.11.13-08.33.08:472][  0]LogPakFile: PakFile FullDirectoryIndexSize=158
[2021.11.13-08.33.08:472][  0]LogShaderLibrary: Display: ShaderCodeLibraryPakFileMountedCallback: PakFile 'D:/SoftWare/Unreal/UnrealEngine/UE_4.27/FeaturePacks/TP_2DSideScrollerBP.upack' (chunk index -1, root 'root:/') mounted
[2021.11.13-08.33.08:472][  0]LogShaderLibrary: Display: ShaderCodeLibraryPakFileMountedCallback: pending pak file info (ChunkID:-1 Root:root:/ File:D:/SoftWare/Unreal/UnrealEngine/UE_4.27/FeaturePacks/TP_2DSideScrollerBP.upack)
[2021.11.13-08.33.08:472][  0]LogPakFile: OnPakFileMounted2Time == 0.000220
[2021.11.13-08.33.08:474][  0]LogPakFile: PakFile PrimaryIndexSize=182
[2021.11.13-08.33.08:474][  0]LogPakFile: PakFile PathHashIndexSize=101
[2021.11.13-08.33.08:474][  0]LogPakFile: PakFile FullDirectoryIndexSize=138
[2021.11.13-08.33.08:474][  0]LogShaderLibrary: Display: ShaderCodeLibraryPakFileMountedCallback: PakFile 'D:/SoftWare/Unreal/UnrealEngine/UE_4.27/FeaturePacks/TP_Flying.upack' (chunk index -1, root 'root:/') mounted
[2021.11.13-08.33.08:474][  0]LogShaderLibrary: Display: ShaderCodeLibraryPakFileMountedCallback: pending pak file info (ChunkID:-1 Root:root:/ File:D:/SoftWare/Unreal/UnrealEngine/UE_4.27/FeaturePacks/TP_Flying.upack)
[2021.11.13-08.33.08:474][  0]LogPakFile: OnPakFileMounted2Time == 0.000165
[2021.11.13-08.33.08:475][  0]LogPakFile: PakFile PrimaryIndexSize=184
[2021.11.13-08.33.08:475][  0]LogPakFile: PakFile PathHashIndexSize=101
[2021.11.13-08.33.08:475][  0]LogPakFile: PakFile FullDirectoryIndexSize=142
[2021.11.13-08.33.08:475][  0]LogShaderLibrary: Display: ShaderCodeLibraryPakFileMountedCallback: PakFile 'D:/SoftWare/Unreal/UnrealEngine/UE_4.27/FeaturePacks/TP_FlyingBP.upack' (chunk index -1, root 'root:/') mounted
[2021.11.13-08.33.08:475][  0]LogShaderLibrary: Display: ShaderCodeLibraryPakFileMountedCallback: pending pak file info (ChunkID:-1 Root:root:/ File:D:/SoftWare/Unreal/UnrealEngine/UE_4.27/FeaturePacks/TP_FlyingBP.upack)
[2021.11.13-08.33.08:475][  0]LogPakFile: OnPakFileMounted2Time == 0.000120
[2021.11.13-08.33.08:484][  0]LogPakFile: PakFile PrimaryIndexSize=188
[2021.11.13-08.33.08:485][  0]LogPakFile: PakFile PathHashIndexSize=101
[2021.11.13-08.33.08:485][  0]LogPakFile: PakFile FullDirectoryIndexSize=150
[2021.11.13-08.33.08:485][  0]LogShaderLibrary: Display: ShaderCodeLibraryPakFileMountedCallback: PakFile 'D:/SoftWare/Unreal/UnrealEngine/UE_4.27/FeaturePacks/TP_HandheldARBP.upack' (chunk index -1, root 'root:/') mounted
[2021.11.13-08.33.08:485][  0]LogShaderLibrary: Display: ShaderCodeLibraryPakFileMountedCallback: pending pak file info (ChunkID:-1 Root:root:/ File:D:/SoftWare/Unreal/UnrealEngine/UE_4.27/FeaturePacks/TP_HandheldARBP.upack)
[2021.11.13-08.33.08:485][  0]LogPakFile: OnPakFileMounted2Time == 0.000144
[2021.11.13-08.33.08:499][  0]LogPakFile: PakFile PrimaryIndexSize=182
[2021.11.13-08.33.08:500][  0]LogPakFile: PakFile PathHashIndexSize=101
[2021.11.13-08.33.08:500][  0]LogPakFile: PakFile FullDirectoryIndexSize=138
[2021.11.13-08.33.08:500][  0]LogShaderLibrary: Display: ShaderCodeLibraryPakFileMountedCallback: PakFile 'D:/SoftWare/Unreal/UnrealEngine/UE_4.27/FeaturePacks/TP_Puzzle.upack' (chunk index -1, root 'root:/') mounted
[2021.11.13-08.33.08:500][  0]LogShaderLibrary: Display: ShaderCodeLibraryPakFileMountedCallback: pending pak file info (ChunkID:-1 Root:root:/ File:D:/SoftWare/Unreal/UnrealEngine/UE_4.27/FeaturePacks/TP_Puzzle.upack)
[2021.11.13-08.33.08:500][  0]LogPakFile: OnPakFileMounted2Time == 0.000138
[2021.11.13-08.33.08:507][  0]LogPakFile: PakFile PrimaryIndexSize=184
[2021.11.13-08.33.08:507][  0]LogPakFile: PakFile PathHashIndexSize=101
[2021.11.13-08.33.08:507][  0]LogPakFile: PakFile FullDirectoryIndexSize=142
[2021.11.13-08.33.08:508][  0]LogShaderLibrary: Display: ShaderCodeLibraryPakFileMountedCallback: PakFile 'D:/SoftWare/Unreal/UnrealEngine/UE_4.27/FeaturePacks/TP_PuzzleBP.upack' (chunk index -1, root 'root:/') mounted
[2021.11.13-08.33.08:508][  0]LogShaderLibrary: Display: ShaderCodeLibraryPakFileMountedCallback: pending pak file info (ChunkID:-1 Root:root:/ File:D:/SoftWare/Unreal/UnrealEngine/UE_4.27/FeaturePacks/TP_PuzzleBP.upack)
[2021.11.13-08.33.08:508][  0]LogPakFile: OnPakFileMounted2Time == 0.000203
[2021.11.13-08.33.08:510][  0]LogPakFile: PakFile PrimaryIndexSize=183
[2021.11.13-08.33.08:510][  0]LogPakFile: PakFile PathHashIndexSize=101
[2021.11.13-08.33.08:510][  0]LogPakFile: PakFile FullDirectoryIndexSize=140
[2021.11.13-08.33.08:510][  0]LogShaderLibrary: Display: ShaderCodeLibraryPakFileMountedCallback: PakFile 'D:/SoftWare/Unreal/UnrealEngine/UE_4.27/FeaturePacks/TP_Rolling.upack' (chunk index -1, root 'root:/') mounted
[2021.11.13-08.33.08:510][  0]LogShaderLibrary: Display: ShaderCodeLibraryPakFileMountedCallback: pending pak file info (ChunkID:-1 Root:root:/ File:D:/SoftWare/Unreal/UnrealEngine/UE_4.27/FeaturePacks/TP_Rolling.upack)
[2021.11.13-08.33.08:510][  0]LogPakFile: OnPakFileMounted2Time == 0.000239
[2021.11.13-08.33.08:514][  0]LogPakFile: PakFile PrimaryIndexSize=185
[2021.11.13-08.33.08:514][  0]LogPakFile: PakFile PathHashIndexSize=101
[2021.11.13-08.33.08:514][  0]LogPakFile: PakFile FullDirectoryIndexSize=144
[2021.11.13-08.33.08:514][  0]LogShaderLibrary: Display: ShaderCodeLibraryPakFileMountedCallback: PakFile 'D:/SoftWare/Unreal/UnrealEngine/UE_4.27/FeaturePacks/TP_RollingBP.upack' (chunk index -1, root 'root:/') mounted
[2021.11.13-08.33.08:514][  0]LogShaderLibrary: Display: ShaderCodeLibraryPakFileMountedCallback: pending pak file info (ChunkID:-1 Root:root:/ File:D:/SoftWare/Unreal/UnrealEngine/UE_4.27/FeaturePacks/TP_RollingBP.upack)
[2021.11.13-08.33.08:514][  0]LogPakFile: OnPakFileMounted2Time == 0.000184
[2021.11.13-08.33.08:524][  0]LogPakFile: PakFile PrimaryIndexSize=188
[2021.11.13-08.33.08:524][  0]LogPakFile: PakFile PathHashIndexSize=101
[2021.11.13-08.33.08:524][  0]LogPakFile: PakFile FullDirectoryIndexSize=150
[2021.11.13-08.33.08:524][  0]LogShaderLibrary: Display: ShaderCodeLibraryPakFileMountedCallback: PakFile 'D:/SoftWare/Unreal/UnrealEngine/UE_4.27/FeaturePacks/TP_SideScroller.upack' (chunk index -1, root 'root:/') mounted
[2021.11.13-08.33.08:524][  0]LogShaderLibrary: Display: ShaderCodeLibraryPakFileMountedCallback: pending pak file info (ChunkID:-1 Root:root:/ File:D:/SoftWare/Unreal/UnrealEngine/UE_4.27/FeaturePacks/TP_SideScroller.upack)
[2021.11.13-08.33.08:524][  0]LogPakFile: OnPakFileMounted2Time == 0.000234
[2021.11.13-08.33.08:531][  0]LogPakFile: PakFile PrimaryIndexSize=190
[2021.11.13-08.33.08:531][  0]LogPakFile: PakFile PathHashIndexSize=101
[2021.11.13-08.33.08:531][  0]LogPakFile: PakFile FullDirectoryIndexSize=154
[2021.11.13-08.33.08:531][  0]LogShaderLibrary: Display: ShaderCodeLibraryPakFileMountedCallback: PakFile 'D:/SoftWare/Unreal/UnrealEngine/UE_4.27/FeaturePacks/TP_SideScrollerBP.upack' (chunk index -1, root 'root:/') mounted
[2021.11.13-08.33.08:531][  0]LogShaderLibrary: Display: ShaderCodeLibraryPakFileMountedCallback: pending pak file info (ChunkID:-1 Root:root:/ File:D:/SoftWare/Unreal/UnrealEngine/UE_4.27/FeaturePacks/TP_SideScrollerBP.upack)
[2021.11.13-08.33.08:532][  0]LogPakFile: OnPakFileMounted2Time == 0.000197
[2021.11.13-08.33.08:542][  0]LogPakFile: PakFile PrimaryIndexSize=187
[2021.11.13-08.33.08:542][  0]LogPakFile: PakFile PathHashIndexSize=101
[2021.11.13-08.33.08:542][  0]LogPakFile: PakFile FullDirectoryIndexSize=148
[2021.11.13-08.33.08:542][  0]LogShaderLibrary: Display: ShaderCodeLibraryPakFileMountedCallback: PakFile 'D:/SoftWare/Unreal/UnrealEngine/UE_4.27/FeaturePacks/TP_ThirdPerson.upack' (chunk index -1, root 'root:/') mounted
[2021.11.13-08.33.08:542][  0]LogShaderLibrary: Display: ShaderCodeLibraryPakFileMountedCallback: pending pak file info (ChunkID:-1 Root:root:/ File:D:/SoftWare/Unreal/UnrealEngine/UE_4.27/FeaturePacks/TP_ThirdPerson.upack)
[2021.11.13-08.33.08:542][  0]LogPakFile: OnPakFileMounted2Time == 0.000263
[2021.11.13-08.33.08:548][  0]LogPakFile: PakFile PrimaryIndexSize=189
[2021.11.13-08.33.08:548][  0]LogPakFile: PakFile PathHashIndexSize=101
[2021.11.13-08.33.08:549][  0]LogPakFile: PakFile FullDirectoryIndexSize=152
[2021.11.13-08.33.08:549][  0]LogShaderLibrary: Display: ShaderCodeLibraryPakFileMountedCallback: PakFile 'D:/SoftWare/Unreal/UnrealEngine/UE_4.27/FeaturePacks/TP_ThirdPersonBP.upack' (chunk index -1, root 'root:/') mounted
[2021.11.13-08.33.08:549][  0]LogShaderLibrary: Display: ShaderCodeLibraryPakFileMountedCallback: pending pak file info (ChunkID:-1 Root:root:/ File:D:/SoftWare/Unreal/UnrealEngine/UE_4.27/FeaturePacks/TP_ThirdPersonBP.upack)
[2021.11.13-08.33.08:549][  0]LogPakFile: OnPakFileMounted2Time == 0.000192
[2021.11.13-08.33.08:562][  0]LogPakFile: PakFile PrimaryIndexSize=183
[2021.11.13-08.33.08:562][  0]LogPakFile: PakFile PathHashIndexSize=101
[2021.11.13-08.33.08:562][  0]LogPakFile: PakFile FullDirectoryIndexSize=140
[2021.11.13-08.33.08:562][  0]LogShaderLibrary: Display: ShaderCodeLibraryPakFileMountedCallback: PakFile 'D:/SoftWare/Unreal/UnrealEngine/UE_4.27/FeaturePacks/TP_TopDown.upack' (chunk index -1, root 'root:/') mounted
[2021.11.13-08.33.08:562][  0]LogShaderLibrary: Display: ShaderCodeLibraryPakFileMountedCallback: pending pak file info (ChunkID:-1 Root:root:/ File:D:/SoftWare/Unreal/UnrealEngine/UE_4.27/FeaturePacks/TP_TopDown.upack)
[2021.11.13-08.33.08:562][  0]LogPakFile: OnPakFileMounted2Time == 0.000152
[2021.11.13-08.33.08:575][  0]LogPakFile: PakFile PrimaryIndexSize=185
[2021.11.13-08.33.08:575][  0]LogPakFile: PakFile PathHashIndexSize=101
[2021.11.13-08.33.08:575][  0]LogPakFile: PakFile FullDirectoryIndexSize=144
[2021.11.13-08.33.08:575][  0]LogShaderLibrary: Display: ShaderCodeLibraryPakFileMountedCallback: PakFile 'D:/SoftWare/Unreal/UnrealEngine/UE_4.27/FeaturePacks/TP_TopDownBP.upack' (chunk index -1, root 'root:/') mounted
[2021.11.13-08.33.08:576][  0]LogShaderLibrary: Display: ShaderCodeLibraryPakFileMountedCallback: pending pak file info (ChunkID:-1 Root:root:/ File:D:/SoftWare/Unreal/UnrealEngine/UE_4.27/FeaturePacks/TP_TopDownBP.upack)
[2021.11.13-08.33.08:576][  0]LogPakFile: OnPakFileMounted2Time == 0.000183
[2021.11.13-08.33.08:595][  0]LogPakFile: PakFile PrimaryIndexSize=185
[2021.11.13-08.33.08:595][  0]LogPakFile: PakFile PathHashIndexSize=101
[2021.11.13-08.33.08:595][  0]LogPakFile: PakFile FullDirectoryIndexSize=144
[2021.11.13-08.33.08:596][  0]LogShaderLibrary: Display: ShaderCodeLibraryPakFileMountedCallback: PakFile 'D:/SoftWare/Unreal/UnrealEngine/UE_4.27/FeaturePacks/TP_TwinStick.upack' (chunk index -1, root 'root:/') mounted
[2021.11.13-08.33.08:596][  0]LogShaderLibrary: Display: ShaderCodeLibraryPakFileMountedCallback: pending pak file info (ChunkID:-1 Root:root:/ File:D:/SoftWare/Unreal/UnrealEngine/UE_4.27/FeaturePacks/TP_TwinStick.upack)
[2021.11.13-08.33.08:596][  0]LogPakFile: OnPakFileMounted2Time == 0.000219
[2021.11.13-08.33.08:612][  0]LogPakFile: PakFile PrimaryIndexSize=187
[2021.11.13-08.33.08:612][  0]LogPakFile: PakFile PathHashIndexSize=101
[2021.11.13-08.33.08:612][  0]LogPakFile: PakFile FullDirectoryIndexSize=148
[2021.11.13-08.33.08:612][  0]LogShaderLibrary: Display: ShaderCodeLibraryPakFileMountedCallback: PakFile 'D:/SoftWare/Unreal/UnrealEngine/UE_4.27/FeaturePacks/TP_TwinStickBP.upack' (chunk index -1, root 'root:/') mounted
[2021.11.13-08.33.08:612][  0]LogShaderLibrary: Display: ShaderCodeLibraryPakFileMountedCallback: pending pak file info (ChunkID:-1 Root:root:/ File:D:/SoftWare/Unreal/UnrealEngine/UE_4.27/FeaturePacks/TP_TwinStickBP.upack)
[2021.11.13-08.33.08:612][  0]LogPakFile: OnPakFileMounted2Time == 0.000126
[2021.11.13-08.33.08:621][  0]LogPakFile: PakFile PrimaryIndexSize=183
[2021.11.13-08.33.08:621][  0]LogPakFile: PakFile PathHashIndexSize=101
[2021.11.13-08.33.08:621][  0]LogPakFile: PakFile FullDirectoryIndexSize=140
[2021.11.13-08.33.08:621][  0]LogShaderLibrary: Display: ShaderCodeLibraryPakFileMountedCallback: PakFile 'D:/SoftWare/Unreal/UnrealEngine/UE_4.27/FeaturePacks/TP_Vehicle.upack' (chunk index -1, root 'root:/') mounted
[2021.11.13-08.33.08:621][  0]LogShaderLibrary: Display: ShaderCodeLibraryPakFileMountedCallback: pending pak file info (ChunkID:-1 Root:root:/ File:D:/SoftWare/Unreal/UnrealEngine/UE_4.27/FeaturePacks/TP_Vehicle.upack)
[2021.11.13-08.33.08:621][  0]LogPakFile: OnPakFileMounted2Time == 0.000157
[2021.11.13-08.33.08:634][  0]LogPakFile: PakFile PrimaryIndexSize=186
[2021.11.13-08.33.08:634][  0]LogPakFile: PakFile PathHashIndexSize=101
[2021.11.13-08.33.08:634][  0]LogPakFile: PakFile FullDirectoryIndexSize=146
[2021.11.13-08.33.08:634][  0]LogShaderLibrary: Display: ShaderCodeLibraryPakFileMountedCallback: PakFile 'D:/SoftWare/Unreal/UnrealEngine/UE_4.27/FeaturePacks/TP_VehicleAdv.upack' (chunk index -1, root 'root:/') mounted
[2021.11.13-08.33.08:634][  0]LogShaderLibrary: Display: ShaderCodeLibraryPakFileMountedCallback: pending pak file info (ChunkID:-1 Root:root:/ File:D:/SoftWare/Unreal/UnrealEngine/UE_4.27/FeaturePacks/TP_VehicleAdv.upack)
[2021.11.13-08.33.08:634][  0]LogPakFile: OnPakFileMounted2Time == 0.000220
[2021.11.13-08.33.08:638][  0]LogPakFile: PakFile PrimaryIndexSize=188
[2021.11.13-08.33.08:639][  0]LogPakFile: PakFile PathHashIndexSize=101
[2021.11.13-08.33.08:639][  0]LogPakFile: PakFile FullDirectoryIndexSize=150
[2021.11.13-08.33.08:639][  0]LogShaderLibrary: Display: ShaderCodeLibraryPakFileMountedCallback: PakFile 'D:/SoftWare/Unreal/UnrealEngine/UE_4.27/FeaturePacks/TP_VehicleAdvBP.upack' (chunk index -1, root 'root:/') mounted
[2021.11.13-08.33.08:639][  0]LogShaderLibrary: Display: ShaderCodeLibraryPakFileMountedCallback: pending pak file info (ChunkID:-1 Root:root:/ File:D:/SoftWare/Unreal/UnrealEngine/UE_4.27/FeaturePacks/TP_VehicleAdvBP.upack)
[2021.11.13-08.33.08:639][  0]LogPakFile: OnPakFileMounted2Time == 0.000210
[2021.11.13-08.33.08:648][  0]LogPakFile: PakFile PrimaryIndexSize=185
[2021.11.13-08.33.08:648][  0]LogPakFile: PakFile PathHashIndexSize=101
[2021.11.13-08.33.08:648][  0]LogPakFile: PakFile FullDirectoryIndexSize=144
[2021.11.13-08.33.08:648][  0]LogShaderLibrary: Display: ShaderCodeLibraryPakFileMountedCallback: PakFile 'D:/SoftWare/Unreal/UnrealEngine/UE_4.27/FeaturePacks/TP_VehicleBP.upack' (chunk index -1, root 'root:/') mounted
[2021.11.13-08.33.08:648][  0]LogShaderLibrary: Display: ShaderCodeLibraryPakFileMountedCallback: pending pak file info (ChunkID:-1 Root:root:/ File:D:/SoftWare/Unreal/UnrealEngine/UE_4.27/FeaturePacks/TP_VehicleBP.upack)
[2021.11.13-08.33.08:648][  0]LogPakFile: OnPakFileMounted2Time == 0.000120
[2021.11.13-08.33.08:679][  0]LogPakFile: PakFile PrimaryIndexSize=192
[2021.11.13-08.33.08:679][  0]LogPakFile: PakFile PathHashIndexSize=101
[2021.11.13-08.33.08:680][  0]LogPakFile: PakFile FullDirectoryIndexSize=158
[2021.11.13-08.33.08:680][  0]LogShaderLibrary: Display: ShaderCodeLibraryPakFileMountedCallback: PakFile 'D:/SoftWare/Unreal/UnrealEngine/UE_4.27/FeaturePacks/TP_VirtualRealityBP.upack' (chunk index -1, root 'root:/') mounted
[2021.11.13-08.33.08:680][  0]LogShaderLibrary: Display: ShaderCodeLibraryPakFileMountedCallback: pending pak file info (ChunkID:-1 Root:root:/ File:D:/SoftWare/Unreal/UnrealEngine/UE_4.27/FeaturePacks/TP_VirtualRealityBP.upack)
[2021.11.13-08.33.08:680][  0]LogPakFile: OnPakFileMounted2Time == 0.000246
[2021.11.13-08.33.09:787][  0]LogNativeClassHierarchy: Verbose: Native class hierarchy updated for 'AddContentDialog' in 0.0004 seconds. Added 0 classes and 0 folders.
[2021.11.13-08.33.09:800][  0]LogNativeClassHierarchy: Verbose: Native class hierarchy updated for 'SceneOutliner' in 0.0003 seconds. Added 2 classes and 0 folders.
[2021.11.13-08.33.09:929][  0]LogSlate: Took 0.031011 seconds to synchronously load lazily loaded font '../../../Engine/Content/Slate/Fonts/Roboto-Regular.ttf' (155K)
[2021.11.13-08.33.09:942][  0]LogSlate: Took 0.011956 seconds to synchronously load lazily loaded font '../../../Engine/Content/Editor/Slate/Fonts/FontAwesome.ttf' (139K)
[2021.11.13-08.33.09:965][  0]LogSlate: Took 0.012257 seconds to synchronously load lazily loaded font '../../../Engine/Content/Slate/Fonts/Roboto-Bold.ttf' (160K)
[2021.11.13-08.33.10:152][  0]LogRenderer: Reallocating scene render targets to support 1288x620 Format 10 NumSamples 1 (Frame:1).
[2021.11.13-08.33.10:668][  0]LogNativeClassHierarchy: Verbose: Native class hierarchy updated for 'HierarchicalLODOutliner' in 0.0002 seconds. Added 0 classes and 0 folders.
[2021.11.13-08.33.10:676][  0]LogLoad: (Engine Initialization) Total time: 53.56 seconds
[2021.11.13-08.33.10:676][  0]LogLoad: (Engine Initialization) Total Blueprint compile time: 0.00 seconds
[2021.11.13-08.33.10:742][  0]LogAssetRegistry: Asset discovery search completed in 41.6157 seconds
[2021.11.13-08.33.10:770][  0]LogCollectionManager: Fixed up redirectors for 0 collections in 0.000004 seconds (updated 0 objects)
[2021.11.13-08.33.10:771][  0]LogContentStreaming: Texture pool size now 1000 MB
[2021.11.13-08.33.11:837][ 25]LogSlate: Took 0.013066 seconds to synchronously load lazily loaded font '../../../Engine/Content/Slate/Fonts/Roboto-Light.ttf' (167K)
[2021.11.13-08.33.16:356][235]LogUObjectHash: Compacting FUObjectHashTables data took   0.65ms
[2021.11.13-08.33.16:422][235]LogSlate: Window 'LearnCPP - Unreal Editor' being destroyed
[2021.11.13-08.33.16:423][235]LogWindowsTextInputMethodSystem: Display: IME system activated using TSF (搜狗拼音输入法).
[2021.11.13-08.33.16:802][236]Cmd: QUIT_EDITOR
[2021.11.13-08.33.16:803][236]LogCore: Engine exit requested (reason: UUnrealEdEngine::CloseEditor())
[2021.11.13-08.33.16:835][236]LogCore: Engine exit requested (reason: EngineExit() was called; note: exit was already requested)
[2021.11.13-08.33.16:925][236]LogAudio: Display: Beginning Audio Device Manager Shutdown (Module: AudioMixerXAudio2)...
[2021.11.13-08.33.16:926][236]LogAudio: Display: Destroying 1 Remaining Audio Device(s)...
[2021.11.13-08.33.16:926][236]LogAudio: Display: Audio Device unregistered from world 'FirstPersonExampleMap'.
[2021.11.13-08.33.16:926][236]LogAudioMixer: FMixerPlatformXAudio2::StopAudioStream() called
[2021.11.13-08.33.16:927][236]LogAudioMixer: FMixerPlatformXAudio2::StopAudioStream() called
[2021.11.13-08.33.16:950][236]LogAudio: Display: Audio Device Manager Shutdown
[2021.11.13-08.33.16:954][236]LogExit: Preparing to exit.
[2021.11.13-08.33.17:515][236]LogUObjectHash: Compacting FUObjectHashTables data took   1.47ms
[2021.11.13-08.33.18:060][236]LogDemo: Cleaned up 0 splitscreen connections with owner deletion
[2021.11.13-08.33.18:344][236]LogWorld: UWorld::CleanupWorld for None, bSessionEnded=true, bCleanupResources=true
[2021.11.13-08.33.18:353][236]LogExit: Editor shut down
[2021.11.13-08.33.18:353][236]LogExit: Transaction tracking system shut down
