  Using 'git status' to determine working set for adaptive non-unity build (D:\Project\GitHubProject\UEProject).
  Parsing headers for LearnCPPEditor
    Running UnrealHeaderTool "D:\Project\GitHubProject\UEProject\LearnCPP\LearnCPP.uproject" "D:\Project\GitHubProject\UEProject\LearnCPP\Intermediate\Build\Win64\LearnCPPEditor\Development\LearnCPPEditor.uhtmanifest" -LogCmds="loginit warning, logexit warning, logdatabase error" -Unattended -WarningsAsErrors -abslog="C:\Users\Sen66\AppData\Local\UnrealBuildTool\Log_UHT.txt" -installed
  LogInit: Display: Loading text-based GConfig....
  Reflection code generated for LearnCPPEditor in 14.3635534 seconds
  Building LearnCPPEditor...
  Using Visual Studio 2019 14.29.30136 toolchain (D:\SoftWare\VS2019\VC\Tools\MSVC\14.29.30133) and Windows 10.0.19041.0 SDK (D:\Windows Kits\10).
  Building 13 actions with 12 processes...
    [1/13] LearnCPP.init.gen.cpp
    [2/13] LearnCPPCharacter.gen.cpp
    [3/13] TargetStaticMeshActor.cpp
    [4/13] AmmoPickup.cpp
    [5/13] FirstPersonExampleMap.cpp
    [6/13] LearnCPPGameMode.cpp
    [7/13] RoundTransWidget.cpp
    [8/13] EnemyCharacter.cpp
    [9/13] RoundTransWidget.gen.cpp
    [10/13] LearnCPPCharacter.cpp
D:\Project\GitHubProject\UEProject\LearnCPP\Source\LearnCPP\LearnCPPCharacter.cpp(332): error C2248: “URoundTransWidget::StartButton”: 无法访问 private 成员(在“URoundTransWidget”类中声明)
    D:\Project\GitHubProject\UEProject\LearnCPP\Source\LearnCPP\RoundTransWidget.h(18): note: 参见“URoundTransWidget::StartButton”的声明
    D:\Project\GitHubProject\UEProject\LearnCPP\Source\LearnCPP\RoundTransWidget.h(14): note: 参见“URoundTransWidget”的声明
D:\Project\GitHubProject\UEProject\LearnCPP\Source\LearnCPP\LearnCPPCharacter.cpp(336): error C2248: “URoundTransWidget::StartButton”: 无法访问 private 成员(在“URoundTransWidget”类中声明)
    D:\Project\GitHubProject\UEProject\LearnCPP\Source\LearnCPP\RoundTransWidget.h(18): note: 参见“URoundTransWidget::StartButton”的声明
    D:\Project\GitHubProject\UEProject\LearnCPP\Source\LearnCPP\RoundTransWidget.h(14): note: 参见“URoundTransWidget”的声明
D:\Project\GitHubProject\UEProject\LearnCPP\Source\LearnCPP\LearnCPPCharacter.cpp(339): error C2248: “URoundTransWidget::ExitButton”: 无法访问 private 成员(在“URoundTransWidget”类中声明)
    D:\Project\GitHubProject\UEProject\LearnCPP\Source\LearnCPP\RoundTransWidget.h(21): note: 参见“URoundTransWidget::ExitButton”的声明
    D:\Project\GitHubProject\UEProject\LearnCPP\Source\LearnCPP\RoundTransWidget.h(14): note: 参见“URoundTransWidget”的声明
D:\Project\GitHubProject\UEProject\LearnCPP\Source\LearnCPP\LearnCPPCharacter.cpp(343): error C2248: “URoundTransWidget::ExitButton”: 无法访问 private 成员(在“URoundTransWidget”类中声明)
    D:\Project\GitHubProject\UEProject\LearnCPP\Source\LearnCPP\RoundTransWidget.h(21): note: 参见“URoundTransWidget::ExitButton”的声明
    D:\Project\GitHubProject\UEProject\LearnCPP\Source\LearnCPP\RoundTransWidget.h(14): note: 参见“URoundTransWidget”的声明
D:\SoftWare\VS2019\MSBuild\Microsoft\VC\v160\Microsoft.MakeFile.Targets(45,5): error MSB3073: 命令“D:\SoftWare\Unreal\UnrealEngine\UE_4.27\Engine\Build\BatchFiles\Build.bat LearnCPPEditor Win64 Development -Project="D:\Project\GitHubProject\UEProject\LearnCPP\LearnCPP.uproject" -WaitMutex -FromMsBuild”已退出，代码为 6。
